{"uid":"4a587297436560ed","name":"Smoke Test - Datewise Filter and Dashboard Card Navigation","fullName":"tests.test_dashboard#test_click_datewise_button","historyId":"ade717123619bbeb79c0058cd547f1cf","time":{"start":1753869835729,"stop":1753869835729,"duration":0},"description":"\nThis test verifies that a user can apply various filters on the HR Dashboard \n(Datewise, Monthly, HR, Employee, Today) and that all dashboard cards navigate correctly.\n","descriptionHtml":"<p>This test verifies that a user can apply various filters on the HR Dashboard<br />\n(Datewise, Monthly, HR, Employee, Today) and that all dashboard cards navigate correctly.</p>\n","status":"broken","statusMessage":"selenium.common.exceptions.TimeoutException: Message: \nStacktrace:\n\tGetHandleVerifier [0x00007FF7131B80D5+2992373]\n\t(No symbol) [0x00007FF712E4BFD0]\n\t(No symbol) [0x00007FF712CE590A]\n\t(No symbol) [0x00007FF712D3926E]\n\t(No symbol) [0x00007FF712D3955C]\n\t(No symbol) [0x00007FF712D827D7]\n\t(No symbol) [0x00007FF712D5F3AF]\n\t(No symbol) [0x00007FF712D7F584]\n\t(No symbol) [0x00007FF712D5F113]\n\t(No symbol) [0x00007FF712D2A918]\n\t(No symbol) [0x00007FF712D2BA81]\n\tGetHandleVerifier [0x00007FF713216A2D+3379789]\n\tGetHandleVerifier [0x00007FF71322C32D+3468109]\n\tGetHandleVerifier [0x00007FF713220043+3418211]\n\tGetHandleVerifier [0x00007FF712FAC78B+847787]\n\t(No symbol) [0x00007FF712E5757F]\n\t(No symbol) [0x00007FF712E52FC4]\n\t(No symbol) [0x00007FF712E5315D]\n\t(No symbol) [0x00007FF712E42979]\n\tBaseThreadInitThunk [0x00007FFC577A7374+20]\n\tRtlUserThreadStart [0x00007FFC58A5CC91+33]","statusTrace":"tests\\conftest.py:30: in login\n    login_page.login(config[\"username\"], config[\"password\"])\npages\\login_page.py:19: in login\n    self.enter_text(self.EMAIL, username)\npages\\base_page.py:29: in enter_text\n    element = self.wait.until(EC.element_to_be_clickable(locator))\n.venv\\lib\\site-packages\\selenium\\webdriver\\support\\wait.py:138: in until\n    raise TimeoutException(message, screen, stacktrace)\nE   selenium.common.exceptions.TimeoutException: Message: \nE   Stacktrace:\nE   \tGetHandleVerifier [0x00007FF7131B80D5+2992373]\nE   \t(No symbol) [0x00007FF712E4BFD0]\nE   \t(No symbol) [0x00007FF712CE590A]\nE   \t(No symbol) [0x00007FF712D3926E]\nE   \t(No symbol) [0x00007FF712D3955C]\nE   \t(No symbol) [0x00007FF712D827D7]\nE   \t(No symbol) [0x00007FF712D5F3AF]\nE   \t(No symbol) [0x00007FF712D7F584]\nE   \t(No symbol) [0x00007FF712D5F113]\nE   \t(No symbol) [0x00007FF712D2A918]\nE   \t(No symbol) [0x00007FF712D2BA81]\nE   \tGetHandleVerifier [0x00007FF713216A2D+3379789]\nE   \tGetHandleVerifier [0x00007FF71322C32D+3468109]\nE   \tGetHandleVerifier [0x00007FF713220043+3418211]\nE   \tGetHandleVerifier [0x00007FF712FAC78B+847787]\nE   \t(No symbol) [0x00007FF712E5757F]\nE   \t(No symbol) [0x00007FF712E52FC4]\nE   \t(No symbol) [0x00007FF712E5315D]\nE   \t(No symbol) [0x00007FF712E42979]\nE   \tBaseThreadInitThunk [0x00007FFC577A7374+20]\nE   \tRtlUserThreadStart [0x00007FFC58A5CC91+33]","flaky":false,"newFailed":false,"newBroken":false,"newPassed":false,"retriesCount":0,"retriesStatusChange":false,"beforeStages":[{"name":"driver","time":{"start":1753869835731,"stop":1753869837170,"duration":1439},"status":"passed","steps":[],"attachments":[],"parameters":[],"attachmentsCount":0,"shouldDisplayMessage":false,"stepsCount":0,"hasContent":false,"attachmentStep":false},{"name":"login","time":{"start":1753869837170,"stop":1753869872322,"duration":35152},"status":"broken","statusMessage":"selenium.common.exceptions.TimeoutException: Message: \nStacktrace:\n\tGetHandleVerifier [0x00007FF7131B80D5+2992373]\n\t(No symbol) [0x00007FF712E4BFD0]\n\t(No symbol) [0x00007FF712CE590A]\n\t(No symbol) [0x00007FF712D3926E]\n\t(No symbol) [0x00007FF712D3955C]\n\t(No symbol) [0x00007FF712D827D7]\n\t(No symbol) [0x00007FF712D5F3AF]\n\t(No symbol) [0x00007FF712D7F584]\n\t(No symbol) [0x00007FF712D5F113]\n\t(No symbol) [0x00007FF712D2A918]\n\t(No symbol) [0x00007FF712D2BA81]\n\tGetHandleVerifier [0x00007FF713216A2D+3379789]\n\tGetHandleVerifier [0x00007FF71322C32D+3468109]\n\tGetHandleVerifier [0x00007FF713220043+3418211]\n\tGetHandleVerifier [0x00007FF712FAC78B+847787]\n\t(No symbol) [0x00007FF712E5757F]\n\t(No symbol) [0x00007FF712E52FC4]\n\t(No symbol) [0x00007FF712E5315D]\n\t(No symbol) [0x00007FF712E42979]\n\tBaseThreadInitThunk [0x00007FFC577A7374+20]\n\tRtlUserThreadStart [0x00007FFC58A5CC91+33]\n\n","statusTrace":"  File \"C:\\Users\\User\\PycharmProjects\\SmiligenceHrAdmin\\.venv\\lib\\site-packages\\pluggy\\_callers.py\", line 38, in run_old_style_hookwrapper\n    res = yield\n  File \"C:\\Users\\User\\PycharmProjects\\SmiligenceHrAdmin\\.venv\\lib\\site-packages\\pluggy\\_callers.py\", line 139, in _multicall\n    teardown.throw(exception)\n  File \"C:\\Users\\User\\PycharmProjects\\SmiligenceHrAdmin\\.venv\\lib\\site-packages\\_pytest\\setuponly.py\", line 36, in pytest_fixture_setup\n    return (yield)\n  File \"C:\\Users\\User\\PycharmProjects\\SmiligenceHrAdmin\\.venv\\lib\\site-packages\\pluggy\\_callers.py\", line 121, in _multicall\n    res = hook_impl.function(*args)\n  File \"C:\\Users\\User\\PycharmProjects\\SmiligenceHrAdmin\\.venv\\lib\\site-packages\\_pytest\\fixtures.py\", line 1195, in pytest_fixture_setup\n    result = call_fixture_func(fixturefunc, request, kwargs)\n  File \"C:\\Users\\User\\PycharmProjects\\SmiligenceHrAdmin\\.venv\\lib\\site-packages\\_pytest\\fixtures.py\", line 929, in call_fixture_func\n    fixture_result = fixturefunc(**kwargs)\n  File \"C:\\Users\\User\\PycharmProjects\\SmiligenceHrAdmin\\tests\\conftest.py\", line 30, in login\n    login_page.login(config[\"username\"], config[\"password\"])\n  File \"C:\\Users\\User\\PycharmProjects\\SmiligenceHrAdmin\\.venv\\lib\\site-packages\\allure_commons\\_allure.py\", line 202, in impl\n    return func(*a, **kw)\n  File \"C:\\Users\\User\\PycharmProjects\\SmiligenceHrAdmin\\pages\\login_page.py\", line 19, in login\n    self.enter_text(self.EMAIL, username)\n  File \"C:\\Users\\User\\PycharmProjects\\SmiligenceHrAdmin\\pages\\base_page.py\", line 29, in enter_text\n    element = self.wait.until(EC.element_to_be_clickable(locator))\n  File \"C:\\Users\\User\\PycharmProjects\\SmiligenceHrAdmin\\.venv\\lib\\site-packages\\selenium\\webdriver\\support\\wait.py\", line 138, in until\n    raise TimeoutException(message, screen, stacktrace)\n","steps":[{"name":"Loading login page: 'https://smiligencehr.itsfortesza.com'","time":{"start":1753869837172,"stop":1753869851786,"duration":14614},"status":"passed","steps":[],"attachments":[],"parameters":[{"name":"url","value":"'https://smiligencehr.itsfortesza.com'"}],"attachmentsCount":0,"shouldDisplayMessage":false,"stepsCount":0,"hasContent":true,"attachmentStep":false},{"name":"Logging in with username: 'admin@gmail.com'","time":{"start":1753869851786,"stop":1753869872322,"duration":20536},"status":"broken","statusMessage":"selenium.common.exceptions.TimeoutException: Message: \nStacktrace:\n\tGetHandleVerifier [0x00007FF7131B80D5+2992373]\n\t(No symbol) [0x00007FF712E4BFD0]\n\t(No symbol) [0x00007FF712CE590A]\n\t(No symbol) [0x00007FF712D3926E]\n\t(No symbol) [0x00007FF712D3955C]\n\t(No symbol) [0x00007FF712D827D7]\n\t(No symbol) [0x00007FF712D5F3AF]\n\t(No symbol) [0x00007FF712D7F584]\n\t(No symbol) [0x00007FF712D5F113]\n\t(No symbol) [0x00007FF712D2A918]\n\t(No symbol) [0x00007FF712D2BA81]\n\tGetHandleVerifier [0x00007FF713216A2D+3379789]\n\tGetHandleVerifier [0x00007FF71322C32D+3468109]\n\tGetHandleVerifier [0x00007FF713220043+3418211]\n\tGetHandleVerifier [0x00007FF712FAC78B+847787]\n\t(No symbol) [0x00007FF712E5757F]\n\t(No symbol) [0x00007FF712E52FC4]\n\t(No symbol) [0x00007FF712E5315D]\n\t(No symbol) [0x00007FF712E42979]\n\tBaseThreadInitThunk [0x00007FFC577A7374+20]\n\tRtlUserThreadStart [0x00007FFC58A5CC91+33]\n\n","statusTrace":"  File \"C:\\Users\\User\\PycharmProjects\\SmiligenceHrAdmin\\.venv\\lib\\site-packages\\allure_commons\\_allure.py\", line 202, in impl\n    return func(*a, **kw)\n  File \"C:\\Users\\User\\PycharmProjects\\SmiligenceHrAdmin\\pages\\login_page.py\", line 19, in login\n    self.enter_text(self.EMAIL, username)\n  File \"C:\\Users\\User\\PycharmProjects\\SmiligenceHrAdmin\\pages\\base_page.py\", line 29, in enter_text\n    element = self.wait.until(EC.element_to_be_clickable(locator))\n  File \"C:\\Users\\User\\PycharmProjects\\SmiligenceHrAdmin\\.venv\\lib\\site-packages\\selenium\\webdriver\\support\\wait.py\", line 138, in until\n    raise TimeoutException(message, screen, stacktrace)\n","steps":[],"attachments":[],"parameters":[{"name":"username","value":"'admin@gmail.com'"},{"name":"password","value":"'Welcome@l1'"}],"attachmentsCount":0,"shouldDisplayMessage":true,"stepsCount":0,"hasContent":true,"attachmentStep":false}],"attachments":[],"parameters":[],"attachmentsCount":0,"shouldDisplayMessage":false,"stepsCount":2,"hasContent":true,"attachmentStep":false}],"afterStages":[{"name":"driver::0","time":{"start":1753869872355,"stop":1753869874516,"duration":2161},"status":"passed","steps":[],"attachments":[],"parameters":[],"attachmentsCount":0,"shouldDisplayMessage":false,"stepsCount":0,"hasContent":false,"attachmentStep":false}],"labels":[{"name":"feature","value":"Dashboard Module"},{"name":"story","value":"HR user filters and views dashboard by Date, Month, HR, and Employee"},{"name":"tag","value":"smoke"},{"name":"parentSuite","value":"tests"},{"name":"suite","value":"test_dashboard"},{"name":"host","value":"DESKTOP-NDHQIMI"},{"name":"thread","value":"8960-MainThread"},{"name":"framework","value":"pytest"},{"name":"language","value":"cpython3"},{"name":"package","value":"tests.test_dashboard"},{"name":"resultFormat","value":"allure2"}],"parameters":[],"links":[],"hidden":true,"retry":true,"extra":{"categories":[],"tags":["smoke"]},"source":"4a587297436560ed.json","parameterValues":[]}