{"uid":"7664ec07ae7e88b5","name":"test_dashboard_title","fullName":"tests.test_sample#test_dashboard_title","historyId":"4fdb3ff022c5ddb7b1ce62058a7927fa","time":{"start":1753440902674,"stop":1753440902674,"duration":0},"status":"broken","statusMessage":"selenium.common.exceptions.SessionNotCreatedException: Message: session not created: This version of ChromeDriver only supports Chrome version 114\nCurrent browser version is 131.0.6778.109 with binary path C:\\Program Files\\Google\\Chrome\\Application\\chrome.exe; For documentation on this error, please visit: https://www.selenium.dev/documentation/webdriver/troubleshooting/errors#sessionnotcreatedexception\nStacktrace:\nBacktrace:\n\tGetHandleVerifier [0x007CA813+48355]\n\t(No symbol) [0x0075C4B1]\n\t(No symbol) [0x00665358]\n\t(No symbol) [0x006861AC]\n\t(No symbol) [0x00681EF3]\n\t(No symbol) [0x00680579]\n\t(No symbol) [0x006B0C55]\n\t(No symbol) [0x006B093C]\n\t(No symbol) [0x006AA536]\n\t(No symbol) [0x006882DC]\n\t(No symbol) [0x006893DD]\n\tGetHandleVerifier [0x00A2AABD+2539405]\n\tGetHandleVerifier [0x00A6A78F+2800735]\n\tGetHandleVerifier [0x00A6456C+2775612]\n\tGetHandleVerifier [0x008551E0+616112]\n\t(No symbol) [0x00765F8C]\n\t(No symbol) [0x00762328]\n\t(No symbol) [0x0076240B]\n\t(No symbol) [0x00754FF7]\n\tBaseThreadInitThunk [0x75D2FCC9+25]\n\tRtlGetAppContainerNamedObjectPath [0x77A682AE+286]\n\tRtlGetAppContainerNamedObjectPath [0x77A6827E+238]","statusTrace":"tests\\conftest.py:19: in driver\n    driver = webdriver.Chrome(service=service, options=options)\n.venv\\lib\\site-packages\\selenium\\webdriver\\chrome\\webdriver.py:47: in __init__\n    super().__init__(\n.venv\\lib\\site-packages\\selenium\\webdriver\\chromium\\webdriver.py:69: in __init__\n    super().__init__(command_executor=executor, options=options)\n.venv\\lib\\site-packages\\selenium\\webdriver\\remote\\webdriver.py:261: in __init__\n    self.start_session(capabilities)\n.venv\\lib\\site-packages\\selenium\\webdriver\\remote\\webdriver.py:362: in start_session\n    response = self.execute(Command.NEW_SESSION, caps)[\"value\"]\n.venv\\lib\\site-packages\\selenium\\webdriver\\remote\\webdriver.py:454: in execute\n    self.error_handler.check_response(response)\n.venv\\lib\\site-packages\\selenium\\webdriver\\remote\\errorhandler.py:232: in check_response\n    raise exception_class(message, screen, stacktrace)\nE   selenium.common.exceptions.SessionNotCreatedException: Message: session not created: This version of ChromeDriver only supports Chrome version 114\nE   Current browser version is 131.0.6778.109 with binary path C:\\Program Files\\Google\\Chrome\\Application\\chrome.exe; For documentation on this error, please visit: https://www.selenium.dev/documentation/webdriver/troubleshooting/errors#sessionnotcreatedexception\nE   Stacktrace:\nE   Backtrace:\nE   \tGetHandleVerifier [0x007CA813+48355]\nE   \t(No symbol) [0x0075C4B1]\nE   \t(No symbol) [0x00665358]\nE   \t(No symbol) [0x006861AC]\nE   \t(No symbol) [0x00681EF3]\nE   \t(No symbol) [0x00680579]\nE   \t(No symbol) [0x006B0C55]\nE   \t(No symbol) [0x006B093C]\nE   \t(No symbol) [0x006AA536]\nE   \t(No symbol) [0x006882DC]\nE   \t(No symbol) [0x006893DD]\nE   \tGetHandleVerifier [0x00A2AABD+2539405]\nE   \tGetHandleVerifier [0x00A6A78F+2800735]\nE   \tGetHandleVerifier [0x00A6456C+2775612]\nE   \tGetHandleVerifier [0x008551E0+616112]\nE   \t(No symbol) [0x00765F8C]\nE   \t(No symbol) [0x00762328]\nE   \t(No symbol) [0x0076240B]\nE   \t(No symbol) [0x00754FF7]\nE   \tBaseThreadInitThunk [0x75D2FCC9+25]\nE   \tRtlGetAppContainerNamedObjectPath [0x77A682AE+286]\nE   \tRtlGetAppContainerNamedObjectPath [0x77A6827E+238]","flaky":false,"newFailed":false,"newBroken":false,"newPassed":false,"retriesCount":0,"retriesStatusChange":false,"beforeStages":[{"name":"driver","time":{"start":1753440902674,"stop":1753440909032,"duration":6358},"status":"broken","statusMessage":"selenium.common.exceptions.SessionNotCreatedException: Message: session not created: This version of ChromeDriver only supports Chrome version 114\nCurrent browser version is 131.0.6778.109 with binary path C:\\Program Files\\Google\\Chrome\\Application\\chrome.exe; For documentation on this error, please visit: https://www.selenium.dev/documentation/webdriver/troubleshooting/errors#sessionnotcreatedexception\nStacktrace:\nBacktrace:\n\tGetHandleVerifier [0x007CA813+48355]\n\t(No symbol) [0x0075C4B1]\n\t(No symbol) [0x00665358]\n\t(No symbol) [0x006861AC]\n\t(No symbol) [0x00681EF3]\n\t(No symbol) [0x00680579]\n\t(No symbol) [0x006B0C55]\n\t(No symbol) [0x006B093C]\n\t(No symbol) [0x006AA536]\n\t(No symbol) [0x006882DC]\n\t(No symbol) [0x006893DD]\n\tGetHandleVerifier [0x00A2AABD+2539405]\n\tGetHandleVerifier [0x00A6A78F+2800735]\n\tGetHandleVerifier [0x00A6456C+2775612]\n\tGetHandleVerifier [0x008551E0+616112]\n\t(No symbol) [0x00765F8C]\n\t(No symbol) [0x00762328]\n\t(No symbol) [0x0076240B]\n\t(No symbol) [0x00754FF7]\n\tBaseThreadInitThunk [0x75D2FCC9+25]\n\tRtlGetAppContainerNamedObjectPath [0x77A682AE+286]\n\tRtlGetAppContainerNamedObjectPath [0x77A6827E+238]\n\n","statusTrace":"  File \"C:\\Users\\User\\PycharmProjects\\SmiligenceHrAdmin\\.venv\\lib\\site-packages\\pluggy\\_callers.py\", line 38, in run_old_style_hookwrapper\n    res = yield\n  File \"C:\\Users\\User\\PycharmProjects\\SmiligenceHrAdmin\\.venv\\lib\\site-packages\\pluggy\\_callers.py\", line 139, in _multicall\n    teardown.throw(exception)\n  File \"C:\\Users\\User\\PycharmProjects\\SmiligenceHrAdmin\\.venv\\lib\\site-packages\\_pytest\\setuponly.py\", line 36, in pytest_fixture_setup\n    return (yield)\n  File \"C:\\Users\\User\\PycharmProjects\\SmiligenceHrAdmin\\.venv\\lib\\site-packages\\pluggy\\_callers.py\", line 121, in _multicall\n    res = hook_impl.function(*args)\n  File \"C:\\Users\\User\\PycharmProjects\\SmiligenceHrAdmin\\.venv\\lib\\site-packages\\_pytest\\fixtures.py\", line 1195, in pytest_fixture_setup\n    result = call_fixture_func(fixturefunc, request, kwargs)\n  File \"C:\\Users\\User\\PycharmProjects\\SmiligenceHrAdmin\\.venv\\lib\\site-packages\\_pytest\\fixtures.py\", line 922, in call_fixture_func\n    fixture_result = next(generator)\n  File \"C:\\Users\\User\\PycharmProjects\\SmiligenceHrAdmin\\tests\\conftest.py\", line 19, in driver\n    driver = webdriver.Chrome(service=service, options=options)\n  File \"C:\\Users\\User\\PycharmProjects\\SmiligenceHrAdmin\\.venv\\lib\\site-packages\\selenium\\webdriver\\chrome\\webdriver.py\", line 47, in __init__\n    super().__init__(\n  File \"C:\\Users\\User\\PycharmProjects\\SmiligenceHrAdmin\\.venv\\lib\\site-packages\\selenium\\webdriver\\chromium\\webdriver.py\", line 69, in __init__\n    super().__init__(command_executor=executor, options=options)\n  File \"C:\\Users\\User\\PycharmProjects\\SmiligenceHrAdmin\\.venv\\lib\\site-packages\\selenium\\webdriver\\remote\\webdriver.py\", line 261, in __init__\n    self.start_session(capabilities)\n  File \"C:\\Users\\User\\PycharmProjects\\SmiligenceHrAdmin\\.venv\\lib\\site-packages\\selenium\\webdriver\\remote\\webdriver.py\", line 362, in start_session\n    response = self.execute(Command.NEW_SESSION, caps)[\"value\"]\n  File \"C:\\Users\\User\\PycharmProjects\\SmiligenceHrAdmin\\.venv\\lib\\site-packages\\selenium\\webdriver\\remote\\webdriver.py\", line 454, in execute\n    self.error_handler.check_response(response)\n  File \"C:\\Users\\User\\PycharmProjects\\SmiligenceHrAdmin\\.venv\\lib\\site-packages\\selenium\\webdriver\\remote\\errorhandler.py\", line 232, in check_response\n    raise exception_class(message, screen, stacktrace)\n","steps":[],"attachments":[],"parameters":[],"attachmentsCount":0,"shouldDisplayMessage":true,"stepsCount":0,"hasContent":true,"attachmentStep":false}],"afterStages":[],"labels":[{"name":"parentSuite","value":"tests"},{"name":"suite","value":"test_sample"},{"name":"host","value":"DESKTOP-NDHQIMI"},{"name":"thread","value":"16348-MainThread"},{"name":"framework","value":"pytest"},{"name":"language","value":"cpython3"},{"name":"package","value":"tests.test_sample"},{"name":"resultFormat","value":"allure2"}],"parameters":[],"links":[],"hidden":true,"retry":true,"extra":{"categories":[],"tags":[]},"source":"7664ec07ae7e88b5.json","parameterValues":[]}