{"uid":"ca2265cff177d6e","name":"test_dashboard_title","fullName":"tests.test_sample#test_dashboard_title","historyId":"4fdb3ff022c5ddb7b1ce62058a7927fa","time":{"start":1753443189103,"stop":1753443189118,"duration":15},"status":"passed","flaky":false,"newFailed":false,"newBroken":false,"newPassed":false,"retriesCount":21,"retriesStatusChange":true,"beforeStages":[{"name":"driver","time":{"start":1753443154578,"stop":1753443156687,"duration":2109},"status":"passed","steps":[],"attachments":[],"parameters":[],"stepsCount":0,"hasContent":false,"attachmentStep":false,"shouldDisplayMessage":false,"attachmentsCount":0},{"name":"login","time":{"start":1753443156687,"stop":1753443189103,"duration":32416},"status":"passed","steps":[{"name":"Loading login page: 'https://smiligencehr.itsfortesza.com'","time":{"start":1753443156687,"stop":1753443171790,"duration":15103},"status":"passed","steps":[],"attachments":[],"parameters":[{"name":"url","value":"'https://smiligencehr.itsfortesza.com'"}],"stepsCount":0,"hasContent":true,"attachmentStep":false,"shouldDisplayMessage":false,"attachmentsCount":0},{"name":"Logging in with username: 'admin@gmail.com'","time":{"start":1753443171790,"stop":1753443189103,"duration":17313},"status":"passed","steps":[],"attachments":[],"parameters":[{"name":"username","value":"'admin@gmail.com'"},{"name":"password","value":"'Welcome@l1'"}],"stepsCount":0,"hasContent":true,"attachmentStep":false,"shouldDisplayMessage":false,"attachmentsCount":0}],"attachments":[],"parameters":[],"stepsCount":2,"hasContent":true,"attachmentStep":false,"shouldDisplayMessage":false,"attachmentsCount":0}],"testStage":{"status":"passed","steps":[],"attachments":[{"uid":"dd52a51e15797b9a","name":"stdout","source":"dd52a51e15797b9a.txt","type":"text/plain","size":73}],"parameters":[],"stepsCount":0,"hasContent":true,"attachmentStep":false,"shouldDisplayMessage":false,"attachmentsCount":1},"afterStages":[{"name":"driver::0","time":{"start":1753443189118,"stop":1753443191391,"duration":2273},"status":"passed","steps":[],"attachments":[],"parameters":[],"stepsCount":0,"hasContent":false,"attachmentStep":false,"shouldDisplayMessage":false,"attachmentsCount":0}],"labels":[{"name":"parentSuite","value":"tests"},{"name":"suite","value":"test_sample"},{"name":"host","value":"DESKTOP-NDHQIMI"},{"name":"thread","value":"4996-MainThread"},{"name":"framework","value":"pytest"},{"name":"language","value":"cpython3"},{"name":"package","value":"tests.test_sample"},{"name":"resultFormat","value":"allure2"}],"parameters":[],"links":[],"hidden":false,"retry":false,"extra":{"severity":"normal","retries":[{"uid":"ec9c43a8f8568ca5","status":"broken","statusDetails":"selenium.common.exceptions.SessionNotCreatedException: Message: session not created: This version of ChromeDriver only supports Chrome version 114\nCurrent browser version is 131.0.6778.109 with binary path C:\\Program Files\\Google\\Chrome\\Application\\chrome.exe; For documentation on this error, please visit: https://www.selenium.dev/documentation/webdriver/troubleshooting/errors#sessionnotcreatedexception\nStacktrace:\nBacktrace:\n\tGetHandleVerifier [0x00F5A813+48355]\n\t(No symbol) [0x00EEC4B1]\n\t(No symbol) [0x00DF5358]\n\t(No symbol) [0x00E161AC]\n\t(No symbol) [0x00E11EF3]\n\t(No symbol) [0x00E10579]\n\t(No symbol) [0x00E40C55]\n\t(No symbol) [0x00E4093C]\n\t(No symbol) [0x00E3A536]\n\t(No symbol) [0x00E182DC]\n\t(No symbol) [0x00E193DD]\n\tGetHandleVerifier [0x011BAABD+2539405]\n\tGetHandleVerifier [0x011FA78F+2800735]\n\tGetHandleVerifier [0x011F456C+2775612]\n\tGetHandleVerifier [0x00FE51E0+616112]\n\t(No symbol) [0x00EF5F8C]\n\t(No symbol) [0x00EF2328]\n\t(No symbol) [0x00EF240B]\n\t(No symbol) [0x00EE4FF7]\n\tBaseThreadInitThunk [0x75D2FCC9+25]\n\tRtlGetAppContainerNamedObjectPath [0x77A682AE+286]\n\tRtlGetAppContainerNamedObjectPath [0x77A6827E+238]","time":{"start":1753442421051,"stop":1753442421051,"duration":0}},{"uid":"f4158a5761298474","status":"broken","statusDetails":"_pytest.fixtures.FixtureLookupError: ('driver', <SubRequest 'login' for <Function test_dashboard_title>>)","time":{"start":1753442238996,"stop":1753442238996,"duration":0}},{"uid":"3cf40c0cb37f65cc","status":"broken","statusDetails":"_pytest.fixtures.FixtureLookupError: ('driver', <SubRequest 'login' for <Function test_dashboard_title>>)","time":{"start":1753442223781,"stop":1753442223781,"duration":0}},{"uid":"d98bc67663048fbd","status":"broken","statusDetails":"selenium.common.exceptions.SessionNotCreatedException: Message: session not created: This version of ChromeDriver only supports Chrome version 114\nCurrent browser version is 131.0.6778.109 with binary path C:\\Program Files\\Google\\Chrome\\Application\\chrome.exe; For documentation on this error, please visit: https://www.selenium.dev/documentation/webdriver/troubleshooting/errors#sessionnotcreatedexception\nStacktrace:\nBacktrace:\n\tGetHandleVerifier [0x00DAA813+48355]\n\t(No symbol) [0x00D3C4B1]\n\t(No symbol) [0x00C45358]\n\t(No symbol) [0x00C661AC]\n\t(No symbol) [0x00C61EF3]\n\t(No symbol) [0x00C60579]\n\t(No symbol) [0x00C90C55]\n\t(No symbol) [0x00C9093C]\n\t(No symbol) [0x00C8A536]\n\t(No symbol) [0x00C682DC]\n\t(No symbol) [0x00C693DD]\n\tGetHandleVerifier [0x0100AABD+2539405]\n\tGetHandleVerifier [0x0104A78F+2800735]\n\tGetHandleVerifier [0x0104456C+2775612]\n\tGetHandleVerifier [0x00E351E0+616112]\n\t(No symbol) [0x00D45F8C]\n\t(No symbol) [0x00D42328]\n\t(No symbol) [0x00D4240B]\n\t(No symbol) [0x00D34FF7]\n\tBaseThreadInitThunk [0x75D2FCC9+25]\n\tRtlGetAppContainerNamedObjectPath [0x77A682AE+286]\n\tRtlGetAppContainerNamedObjectPath [0x77A6827E+238]","time":{"start":1753442160918,"stop":1753442160918,"duration":0}},{"uid":"c0c108493aaf3da4","status":"broken","statusDetails":"selenium.common.exceptions.SessionNotCreatedException: Message: session not created: This version of ChromeDriver only supports Chrome version 114\nCurrent browser version is 131.0.6778.109 with binary path C:\\Program Files\\Google\\Chrome\\Application\\chrome.exe; For documentation on this error, please visit: https://www.selenium.dev/documentation/webdriver/troubleshooting/errors#sessionnotcreatedexception\nStacktrace:\nBacktrace:\n\tGetHandleVerifier [0x007CA813+48355]\n\t(No symbol) [0x0075C4B1]\n\t(No symbol) [0x00665358]\n\t(No symbol) [0x006861AC]\n\t(No symbol) [0x00681EF3]\n\t(No symbol) [0x00680579]\n\t(No symbol) [0x006B0C55]\n\t(No symbol) [0x006B093C]\n\t(No symbol) [0x006AA536]\n\t(No symbol) [0x006882DC]\n\t(No symbol) [0x006893DD]\n\tGetHandleVerifier [0x00A2AABD+2539405]\n\tGetHandleVerifier [0x00A6A78F+2800735]\n\tGetHandleVerifier [0x00A6456C+2775612]\n\tGetHandleVerifier [0x008551E0+616112]\n\t(No symbol) [0x00765F8C]\n\t(No symbol) [0x00762328]\n\t(No symbol) [0x0076240B]\n\t(No symbol) [0x00754FF7]\n\tBaseThreadInitThunk [0x75D2FCC9+25]\n\tRtlGetAppContainerNamedObjectPath [0x77A682AE+286]\n\tRtlGetAppContainerNamedObjectPath [0x77A6827E+238]","time":{"start":1753440902674,"stop":1753440902674,"duration":0}},{"uid":"a21a794bf7e5de9c","status":"passed","time":{"start":1753337896659,"stop":1753337896671,"duration":12}},{"uid":"905306669e713a0c","status":"passed","time":{"start":1753274837539,"stop":1753274837544,"duration":5}},{"uid":"6524de9d566e096d","status":"passed","time":{"start":1753250344759,"stop":1753250344768,"duration":9}},{"uid":"12bbf0e35c0d8558","status":"passed","time":{"start":1753249405361,"stop":1753249405375,"duration":14}},{"uid":"b6ce92c64e75ac2b","status":"passed","time":{"start":1753182913271,"stop":1753182913288,"duration":17}},{"uid":"39ec1cac16460fae","status":"passed","time":{"start":1753182458660,"stop":1753182458675,"duration":15}},{"uid":"133781d28239a334","status":"passed","time":{"start":1753180919388,"stop":1753180919388,"duration":0}},{"uid":"ee50e9192e3dba1d","status":"passed","time":{"start":1753180825683,"stop":1753180825694,"duration":11}},{"uid":"3a04d5e887e2bd05","status":"passed","time":{"start":1753179764976,"stop":1753179764990,"duration":14}},{"uid":"2f4a29e52878b0eb","status":"passed","time":{"start":1753179136685,"stop":1753179136690,"duration":5}},{"uid":"77d0ead920894e41","status":"broken","statusDetails":"selenium.common.exceptions.TimeoutException: Message: \nStacktrace:\n\tGetHandleVerifier [0x00007FF7F03080D5+2992373]\n\t(No symbol) [0x00007FF7EFF9BFD0]\n\t(No symbol) [0x00007FF7EFE3590A]\n\t(No symbol) [0x00007FF7EFE8926E]\n\t(No symbol) [0x00007FF7EFE8955C]\n\t(No symbol) [0x00007FF7EFED27D7]\n\t(No symbol) [0x00007FF7EFEAF3AF]\n\t(No symbol) [0x00007FF7EFECF584]\n\t(No symbol) [0x00007FF7EFEAF113]\n\t(No symbol) [0x00007FF7EFE7A918]\n\t(No symbol) [0x00007FF7EFE7BA81]\n\tGetHandleVerifier [0x00007FF7F0366A2D+3379789]\n\tGetHandleVerifier [0x00007FF7F037C32D+3468109]\n\tGetHandleVerifier [0x00007FF7F0370043+3418211]\n\tGetHandleVerifier [0x00007FF7F00FC78B+847787]\n\t(No symbol) [0x00007FF7EFFA757F]\n\t(No symbol) [0x00007FF7EFFA2FC4]\n\t(No symbol) [0x00007FF7EFFA315D]\n\t(No symbol) [0x00007FF7EFF92979]\n\tBaseThreadInitThunk [0x00007FFD35F27374+20]\n\tRtlUserThreadStart [0x00007FFD36EBCC91+33]","time":{"start":1753178827463,"stop":1753178827463,"duration":0}},{"uid":"b4f3cf89d0606d2f","status":"broken","statusDetails":"selenium.common.exceptions.InvalidElementStateException: Message: invalid element state\n  (Session info: chrome=131.0.6778.109)\nStacktrace:\n\tGetHandleVerifier [0x00007FF7F03080D5+2992373]\n\t(No symbol) [0x00007FF7EFF9BFD0]\n\t(No symbol) [0x00007FF7EFE35739]\n\t(No symbol) [0x00007FF7EFE7EBB5]\n\t(No symbol) [0x00007FF7EFEAF36A]\n\t(No symbol) [0x00007FF7EFE7C596]\n\t(No symbol) [0x00007FF7EFEAF580]\n\t(No symbol) [0x00007FF7EFECF584]\n\t(No symbol) [0x00007FF7EFEAF113]\n\t(No symbol) [0x00007FF7EFE7A918]\n\t(No symbol) [0x00007FF7EFE7BA81]\n\tGetHandleVerifier [0x00007FF7F0366A2D+3379789]\n\tGetHandleVerifier [0x00007FF7F037C32D+3468109]\n\tGetHandleVerifier [0x00007FF7F0370043+3418211]\n\tGetHandleVerifier [0x00007FF7F00FC78B+847787]\n\t(No symbol) [0x00007FF7EFFA757F]\n\t(No symbol) [0x00007FF7EFFA2FC4]\n\t(No symbol) [0x00007FF7EFFA315D]\n\t(No symbol) [0x00007FF7EFF92979]\n\tBaseThreadInitThunk [0x00007FFD35F27374+20]\n\tRtlUserThreadStart [0x00007FFD36EBCC91+33]","time":{"start":1753178527929,"stop":1753178527929,"duration":0}},{"uid":"8d1457de1b4afa79","status":"broken","statusDetails":"selenium.common.exceptions.NoSuchElementException: Message: no such element: Unable to locate element: {\"method\":\"css selector\",\"selector\":\"[id=\"username\"]\"}\n  (Session info: chrome=131.0.6778.109); For documentation on this error, please visit: https://www.selenium.dev/documentation/webdriver/troubleshooting/errors#nosuchelementexception\nStacktrace:\n\tGetHandleVerifier [0x00007FF7F03080D5+2992373]\n\t(No symbol) [0x00007FF7EFF9BFD0]\n\t(No symbol) [0x00007FF7EFE3590A]\n\t(No symbol) [0x00007FF7EFE8926E]\n\t(No symbol) [0x00007FF7EFE8955C]\n\t(No symbol) [0x00007FF7EFED27D7]\n\t(No symbol) [0x00007FF7EFEAF3AF]\n\t(No symbol) [0x00007FF7EFECF584]\n\t(No symbol) [0x00007FF7EFEAF113]\n\t(No symbol) [0x00007FF7EFE7A918]\n\t(No symbol) [0x00007FF7EFE7BA81]\n\tGetHandleVerifier [0x00007FF7F0366A2D+3379789]\n\tGetHandleVerifier [0x00007FF7F037C32D+3468109]\n\tGetHandleVerifier [0x00007FF7F0370043+3418211]\n\tGetHandleVerifier [0x00007FF7F00FC78B+847787]\n\t(No symbol) [0x00007FF7EFFA757F]\n\t(No symbol) [0x00007FF7EFFA2FC4]\n\t(No symbol) [0x00007FF7EFFA315D]\n\t(No symbol) [0x00007FF7EFF92979]\n\tBaseThreadInitThunk [0x00007FFD35F27374+20]\n\tRtlUserThreadStart [0x00007FFD36EBCC91+33]","time":{"start":1753178305060,"stop":1753178305060,"duration":0}},{"uid":"a35ac27a92b37eb1","status":"broken","statusDetails":"selenium.common.exceptions.NoSuchElementException: Message: no such element: Unable to locate element: {\"method\":\"css selector\",\"selector\":\"[id=\"username\"]\"}\n  (Session info: chrome=131.0.6778.109); For documentation on this error, please visit: https://www.selenium.dev/documentation/webdriver/troubleshooting/errors#nosuchelementexception\nStacktrace:\n\tGetHandleVerifier [0x00007FF7F03080D5+2992373]\n\t(No symbol) [0x00007FF7EFF9BFD0]\n\t(No symbol) [0x00007FF7EFE3590A]\n\t(No symbol) [0x00007FF7EFE8926E]\n\t(No symbol) [0x00007FF7EFE8955C]\n\t(No symbol) [0x00007FF7EFED27D7]\n\t(No symbol) [0x00007FF7EFEAF3AF]\n\t(No symbol) [0x00007FF7EFECF584]\n\t(No symbol) [0x00007FF7EFEAF113]\n\t(No symbol) [0x00007FF7EFE7A918]\n\t(No symbol) [0x00007FF7EFE7BA81]\n\tGetHandleVerifier [0x00007FF7F0366A2D+3379789]\n\tGetHandleVerifier [0x00007FF7F037C32D+3468109]\n\tGetHandleVerifier [0x00007FF7F0370043+3418211]\n\tGetHandleVerifier [0x00007FF7F00FC78B+847787]\n\t(No symbol) [0x00007FF7EFFA757F]\n\t(No symbol) [0x00007FF7EFFA2FC4]\n\t(No symbol) [0x00007FF7EFFA315D]\n\t(No symbol) [0x00007FF7EFF92979]\n\tBaseThreadInitThunk [0x00007FFD35F27374+20]\n\tRtlUserThreadStart [0x00007FFD36EBCC91+33]","time":{"start":1753178210165,"stop":1753178210165,"duration":0}},{"uid":"5c98a7fc3bbe5d8","status":"broken","statusDetails":"selenium.common.exceptions.NoSuchElementException: Message: no such element: Unable to locate element: {\"method\":\"css selector\",\"selector\":\"[id=\"username\"]\"}\n  (Session info: chrome=131.0.6778.109); For documentation on this error, please visit: https://www.selenium.dev/documentation/webdriver/troubleshooting/errors#nosuchelementexception\nStacktrace:\n\tGetHandleVerifier [0x00007FF7F03080D5+2992373]\n\t(No symbol) [0x00007FF7EFF9BFD0]\n\t(No symbol) [0x00007FF7EFE3590A]\n\t(No symbol) [0x00007FF7EFE8926E]\n\t(No symbol) [0x00007FF7EFE8955C]\n\t(No symbol) [0x00007FF7EFED27D7]\n\t(No symbol) [0x00007FF7EFEAF3AF]\n\t(No symbol) [0x00007FF7EFECF584]\n\t(No symbol) [0x00007FF7EFEAF113]\n\t(No symbol) [0x00007FF7EFE7A918]\n\t(No symbol) [0x00007FF7EFE7BA81]\n\tGetHandleVerifier [0x00007FF7F0366A2D+3379789]\n\tGetHandleVerifier [0x00007FF7F037C32D+3468109]\n\tGetHandleVerifier [0x00007FF7F0370043+3418211]\n\tGetHandleVerifier [0x00007FF7F00FC78B+847787]\n\t(No symbol) [0x00007FF7EFFA757F]\n\t(No symbol) [0x00007FF7EFFA2FC4]\n\t(No symbol) [0x00007FF7EFFA315D]\n\t(No symbol) [0x00007FF7EFF92979]\n\tBaseThreadInitThunk [0x00007FFD35F27374+20]\n\tRtlUserThreadStart [0x00007FFD36EBCC91+33]","time":{"start":1753178167220,"stop":1753178167220,"duration":0}},{"uid":"24e65a45d0898ecc","status":"broken","statusDetails":"selenium.common.exceptions.NoSuchElementException: Message: no such element: Unable to locate element: {\"method\":\"css selector\",\"selector\":\"[id=\"username\"]\"}\n  (Session info: chrome=131.0.6778.109); For documentation on this error, please visit: https://www.selenium.dev/documentation/webdriver/troubleshooting/errors#nosuchelementexception\nStacktrace:\n\tGetHandleVerifier [0x00007FF7F03080D5+2992373]\n\t(No symbol) [0x00007FF7EFF9BFD0]\n\t(No symbol) [0x00007FF7EFE3590A]\n\t(No symbol) [0x00007FF7EFE8926E]\n\t(No symbol) [0x00007FF7EFE8955C]\n\t(No symbol) [0x00007FF7EFED27D7]\n\t(No symbol) [0x00007FF7EFEAF3AF]\n\t(No symbol) [0x00007FF7EFECF584]\n\t(No symbol) [0x00007FF7EFEAF113]\n\t(No symbol) [0x00007FF7EFE7A918]\n\t(No symbol) [0x00007FF7EFE7BA81]\n\tGetHandleVerifier [0x00007FF7F0366A2D+3379789]\n\tGetHandleVerifier [0x00007FF7F037C32D+3468109]\n\tGetHandleVerifier [0x00007FF7F0370043+3418211]\n\tGetHandleVerifier [0x00007FF7F00FC78B+847787]\n\t(No symbol) [0x00007FF7EFFA757F]\n\t(No symbol) [0x00007FF7EFFA2FC4]\n\t(No symbol) [0x00007FF7EFFA315D]\n\t(No symbol) [0x00007FF7EFF92979]\n\tBaseThreadInitThunk [0x00007FFD35F27374+20]\n\tRtlUserThreadStart [0x00007FFD36EBCC91+33]","time":{"start":1753178072919,"stop":1753178072919,"duration":0}}],"categories":[],"tags":[]},"source":"ca2265cff177d6e.json","parameterValues":[]}