{"uid":"d71fb84aacffb5f5","name":"test_dashboard_title","fullName":"tests.test_sample#test_dashboard_title","historyId":"4fdb3ff022c5ddb7b1ce62058a7927fa","time":{"start":1753178072919,"stop":1753178072919,"duration":0},"status":"broken","statusMessage":"selenium.common.exceptions.NoSuchElementException: Message: no such element: Unable to locate element: {\"method\":\"css selector\",\"selector\":\"[id=\"username\"]\"}\n  (Session info: chrome=131.0.6778.109); For documentation on this error, please visit: https://www.selenium.dev/documentation/webdriver/troubleshooting/errors#nosuchelementexception\nStacktrace:\n\tGetHandleVerifier [0x00007FF7F03080D5+2992373]\n\t(No symbol) [0x00007FF7EFF9BFD0]\n\t(No symbol) [0x00007FF7EFE3590A]\n\t(No symbol) [0x00007FF7EFE8926E]\n\t(No symbol) [0x00007FF7EFE8955C]\n\t(No symbol) [0x00007FF7EFED27D7]\n\t(No symbol) [0x00007FF7EFEAF3AF]\n\t(No symbol) [0x00007FF7EFECF584]\n\t(No symbol) [0x00007FF7EFEAF113]\n\t(No symbol) [0x00007FF7EFE7A918]\n\t(No symbol) [0x00007FF7EFE7BA81]\n\tGetHandleVerifier [0x00007FF7F0366A2D+3379789]\n\tGetHandleVerifier [0x00007FF7F037C32D+3468109]\n\tGetHandleVerifier [0x00007FF7F0370043+3418211]\n\tGetHandleVerifier [0x00007FF7F00FC78B+847787]\n\t(No symbol) [0x00007FF7EFFA757F]\n\t(No symbol) [0x00007FF7EFFA2FC4]\n\t(No symbol) [0x00007FF7EFFA315D]\n\t(No symbol) [0x00007FF7EFF92979]\n\tBaseThreadInitThunk [0x00007FFD35F27374+20]\n\tRtlUserThreadStart [0x00007FFD36EBCC91+33]","statusTrace":"driver = <selenium.webdriver.chrome.webdriver.WebDriver (session=\"4d59294b7a8da28833220abca2fa1c4d\")>\n\n    @pytest.fixture(scope=\"function\")\n    def login(driver):\n        config = read_config()\n        login_page = LoginPage(driver)\n        login_page.load(config[\"base_url\"])\n>       login_page.login(config[\"username\"], config[\"password\"])\n\ntests\\conftest.py:20: \n_ _ _ _ _ _ _ _ _ _ _ _ _ _ _ _ _ _ _ _ _ _ _ _ _ _ _ _ _ _ _ _ _ _ _ _ _ _ _ _\npages\\login_page.py:13: in login\n    self.enter_text(self.USERNAME, username)\npages\\base_page.py:9: in enter_text\n    self.driver.find_element(*locator).clear()\n.venv\\lib\\site-packages\\selenium\\webdriver\\remote\\webdriver.py:922: in find_element\n    return self.execute(Command.FIND_ELEMENT, {\"using\": by, \"value\": value})[\"value\"]\n.venv\\lib\\site-packages\\selenium\\webdriver\\remote\\webdriver.py:454: in execute\n    self.error_handler.check_response(response)\n_ _ _ _ _ _ _ _ _ _ _ _ _ _ _ _ _ _ _ _ _ _ _ _ _ _ _ _ _ _ _ _ _ _ _ _ _ _ _ _\n\nself = <selenium.webdriver.remote.errorhandler.ErrorHandler object at 0x000001B5D27B0820>\nresponse = {'status': 404, 'value': '{\"value\":{\"error\":\"no such element\",\"message\":\"no such element: Unable to locate element: {\\...07FF7EFF92979]\\\\n\\\\tBaseThreadInitThunk [0x00007FFD35F27374+20]\\\\n\\\\tRtlUserThreadStart [0x00007FFD36EBCC91+33]\\\\n\"}}'}\n\n    def check_response(self, response: dict[str, Any]) -> None:\n        \"\"\"Checks that a JSON response from the WebDriver does not have an\n        error.\n    \n        :Args:\n         - response - The JSON response from the WebDriver server as a dictionary\n           object.\n    \n        :Raises: If the response contains an error message.\n        \"\"\"\n        status = response.get(\"status\", None)\n        if not status or status == ErrorCode.SUCCESS:\n            return\n        value = None\n        message = response.get(\"message\", \"\")\n        screen: str = response.get(\"screen\", \"\")\n        stacktrace = None\n        if isinstance(status, int):\n            value_json = response.get(\"value\", None)\n            if value_json and isinstance(value_json, str):\n                try:\n                    value = json.loads(value_json)\n                    if isinstance(value, dict):\n                        if len(value) == 1:\n                            value = value[\"value\"]\n                        status = value.get(\"error\", None)\n                        if not status:\n                            status = value.get(\"status\", ErrorCode.UNKNOWN_ERROR)\n                            message = value.get(\"value\") or value.get(\"message\")\n                            if not isinstance(message, str):\n                                value = message\n                                message = message.get(\"message\")\n                        else:\n                            message = value.get(\"message\", None)\n                except ValueError:\n                    pass\n    \n        exception_class: type[WebDriverException]\n        e = ErrorCode()\n        error_codes = [item for item in dir(e) if not item.startswith(\"__\")]\n        for error_code in error_codes:\n            error_info = getattr(ErrorCode, error_code)\n            if isinstance(error_info, list) and status in error_info:\n                exception_class = getattr(ExceptionMapping, error_code, WebDriverException)\n                break\n        else:\n            exception_class = WebDriverException\n    \n        if not value:\n            value = response[\"value\"]\n        if isinstance(value, str):\n            raise exception_class(value)\n        if message == \"\" and \"message\" in value:\n            message = value[\"message\"]\n    \n        screen = None  # type: ignore[assignment]\n        if \"screen\" in value:\n            screen = value[\"screen\"]\n    \n        stacktrace = None\n        st_value = value.get(\"stackTrace\") or value.get(\"stacktrace\")\n        if st_value:\n            if isinstance(st_value, str):\n                stacktrace = st_value.split(\"\\n\")\n            else:\n                stacktrace = []\n                try:\n                    for frame in st_value:\n                        line = frame.get(\"lineNumber\", \"\")\n                        file = frame.get(\"fileName\", \"<anonymous>\")\n                        if line:\n                            file = f\"{file}:{line}\"\n                        meth = frame.get(\"methodName\", \"<anonymous>\")\n                        if \"className\" in frame:\n                            meth = f\"{frame['className']}.{meth}\"\n                        msg = \"    at %s (%s)\"\n                        msg = msg % (meth, file)\n                        stacktrace.append(msg)\n                except TypeError:\n                    pass\n        if exception_class == UnexpectedAlertPresentException:\n            alert_text = None\n            if \"data\" in value:\n                alert_text = value[\"data\"].get(\"text\")\n            elif \"alert\" in value:\n                alert_text = value[\"alert\"].get(\"text\")\n            raise exception_class(message, screen, stacktrace, alert_text)  # type: ignore[call-arg]  # mypy is not smart enough here\n>       raise exception_class(message, screen, stacktrace)\nE       selenium.common.exceptions.NoSuchElementException: Message: no such element: Unable to locate element: {\"method\":\"css selector\",\"selector\":\"[id=\"username\"]\"}\nE         (Session info: chrome=131.0.6778.109); For documentation on this error, please visit: https://www.selenium.dev/documentation/webdriver/troubleshooting/errors#nosuchelementexception\nE       Stacktrace:\nE       \tGetHandleVerifier [0x00007FF7F03080D5+2992373]\nE       \t(No symbol) [0x00007FF7EFF9BFD0]\nE       \t(No symbol) [0x00007FF7EFE3590A]\nE       \t(No symbol) [0x00007FF7EFE8926E]\nE       \t(No symbol) [0x00007FF7EFE8955C]\nE       \t(No symbol) [0x00007FF7EFED27D7]\nE       \t(No symbol) [0x00007FF7EFEAF3AF]\nE       \t(No symbol) [0x00007FF7EFECF584]\nE       \t(No symbol) [0x00007FF7EFEAF113]\nE       \t(No symbol) [0x00007FF7EFE7A918]\nE       \t(No symbol) [0x00007FF7EFE7BA81]\nE       \tGetHandleVerifier [0x00007FF7F0366A2D+3379789]\nE       \tGetHandleVerifier [0x00007FF7F037C32D+3468109]\nE       \tGetHandleVerifier [0x00007FF7F0370043+3418211]\nE       \tGetHandleVerifier [0x00007FF7F00FC78B+847787]\nE       \t(No symbol) [0x00007FF7EFFA757F]\nE       \t(No symbol) [0x00007FF7EFFA2FC4]\nE       \t(No symbol) [0x00007FF7EFFA315D]\nE       \t(No symbol) [0x00007FF7EFF92979]\nE       \tBaseThreadInitThunk [0x00007FFD35F27374+20]\nE       \tRtlUserThreadStart [0x00007FFD36EBCC91+33]\n\n.venv\\lib\\site-packages\\selenium\\webdriver\\remote\\errorhandler.py:232: NoSuchElementException","flaky":false,"newFailed":false,"newBroken":false,"newPassed":false,"retriesCount":0,"retriesStatusChange":false,"beforeStages":[{"name":"driver","time":{"start":1753178072919,"stop":1753178075660,"duration":2741},"status":"passed","steps":[],"attachments":[],"parameters":[],"attachmentsCount":0,"shouldDisplayMessage":false,"stepsCount":0,"hasContent":false,"attachmentStep":false},{"name":"login","time":{"start":1753178075660,"stop":1753178101353,"duration":25693},"status":"broken","statusMessage":"selenium.common.exceptions.NoSuchElementException: Message: no such element: Unable to locate element: {\"method\":\"css selector\",\"selector\":\"[id=\"username\"]\"}\n  (Session info: chrome=131.0.6778.109); For documentation on this error, please visit: https://www.selenium.dev/documentation/webdriver/troubleshooting/errors#nosuchelementexception\nStacktrace:\n\tGetHandleVerifier [0x00007FF7F03080D5+2992373]\n\t(No symbol) [0x00007FF7EFF9BFD0]\n\t(No symbol) [0x00007FF7EFE3590A]\n\t(No symbol) [0x00007FF7EFE8926E]\n\t(No symbol) [0x00007FF7EFE8955C]\n\t(No symbol) [0x00007FF7EFED27D7]\n\t(No symbol) [0x00007FF7EFEAF3AF]\n\t(No symbol) [0x00007FF7EFECF584]\n\t(No symbol) [0x00007FF7EFEAF113]\n\t(No symbol) [0x00007FF7EFE7A918]\n\t(No symbol) [0x00007FF7EFE7BA81]\n\tGetHandleVerifier [0x00007FF7F0366A2D+3379789]\n\tGetHandleVerifier [0x00007FF7F037C32D+3468109]\n\tGetHandleVerifier [0x00007FF7F0370043+3418211]\n\tGetHandleVerifier [0x00007FF7F00FC78B+847787]\n\t(No symbol) [0x00007FF7EFFA757F]\n\t(No symbol) [0x00007FF7EFFA2FC4]\n\t(No symbol) [0x00007FF7EFFA315D]\n\t(No symbol) [0x00007FF7EFF92979]\n\tBaseThreadInitThunk [0x00007FFD35F27374+20]\n\tRtlUserThreadStart [0x00007FFD36EBCC91+33]\n\n","statusTrace":"  File \"C:\\Users\\User\\PycharmProjects\\SmiligenceHrAdmin\\.venv\\lib\\site-packages\\pluggy\\_callers.py\", line 38, in run_old_style_hookwrapper\n    res = yield\n  File \"C:\\Users\\User\\PycharmProjects\\SmiligenceHrAdmin\\.venv\\lib\\site-packages\\pluggy\\_callers.py\", line 139, in _multicall\n    teardown.throw(exception)\n  File \"C:\\Users\\User\\PycharmProjects\\SmiligenceHrAdmin\\.venv\\lib\\site-packages\\_pytest\\setuponly.py\", line 36, in pytest_fixture_setup\n    return (yield)\n  File \"C:\\Users\\User\\PycharmProjects\\SmiligenceHrAdmin\\.venv\\lib\\site-packages\\pluggy\\_callers.py\", line 121, in _multicall\n    res = hook_impl.function(*args)\n  File \"C:\\Users\\User\\PycharmProjects\\SmiligenceHrAdmin\\.venv\\lib\\site-packages\\_pytest\\fixtures.py\", line 1195, in pytest_fixture_setup\n    result = call_fixture_func(fixturefunc, request, kwargs)\n  File \"C:\\Users\\User\\PycharmProjects\\SmiligenceHrAdmin\\.venv\\lib\\site-packages\\_pytest\\fixtures.py\", line 929, in call_fixture_func\n    fixture_result = fixturefunc(**kwargs)\n  File \"C:\\Users\\User\\PycharmProjects\\SmiligenceHrAdmin\\tests\\conftest.py\", line 20, in login\n    login_page.login(config[\"username\"], config[\"password\"])\n  File \"C:\\Users\\User\\PycharmProjects\\SmiligenceHrAdmin\\pages\\login_page.py\", line 13, in login\n    self.enter_text(self.USERNAME, username)\n  File \"C:\\Users\\User\\PycharmProjects\\SmiligenceHrAdmin\\pages\\base_page.py\", line 9, in enter_text\n    self.driver.find_element(*locator).clear()\n  File \"C:\\Users\\User\\PycharmProjects\\SmiligenceHrAdmin\\.venv\\lib\\site-packages\\selenium\\webdriver\\remote\\webdriver.py\", line 922, in find_element\n    return self.execute(Command.FIND_ELEMENT, {\"using\": by, \"value\": value})[\"value\"]\n  File \"C:\\Users\\User\\PycharmProjects\\SmiligenceHrAdmin\\.venv\\lib\\site-packages\\selenium\\webdriver\\remote\\webdriver.py\", line 454, in execute\n    self.error_handler.check_response(response)\n  File \"C:\\Users\\User\\PycharmProjects\\SmiligenceHrAdmin\\.venv\\lib\\site-packages\\selenium\\webdriver\\remote\\errorhandler.py\", line 232, in check_response\n    raise exception_class(message, screen, stacktrace)\n","steps":[],"attachments":[],"parameters":[],"attachmentsCount":0,"shouldDisplayMessage":true,"stepsCount":0,"hasContent":true,"attachmentStep":false}],"afterStages":[{"name":"driver::0","time":{"start":1753178101532,"stop":1753178103781,"duration":2249},"status":"passed","steps":[],"attachments":[],"parameters":[],"attachmentsCount":0,"shouldDisplayMessage":false,"stepsCount":0,"hasContent":false,"attachmentStep":false}],"labels":[{"name":"parentSuite","value":"tests"},{"name":"suite","value":"test_sample"},{"name":"host","value":"DESKTOP-NDHQIMI"},{"name":"thread","value":"8372-MainThread"},{"name":"framework","value":"pytest"},{"name":"language","value":"cpython3"},{"name":"package","value":"tests.test_sample"},{"name":"resultFormat","value":"allure2"}],"parameters":[],"links":[],"hidden":true,"retry":true,"extra":{"categories":[],"tags":[]},"source":"d71fb84aacffb5f5.json","parameterValues":[]}