{"uid":"eeb870ae14a445a9","name":"test_dashboard_title","fullName":"tests.test_sample#test_dashboard_title","historyId":"4fdb3ff022c5ddb7b1ce62058a7927fa","time":{"start":1753877642260,"stop":1753877642278,"duration":18},"status":"passed","flaky":false,"newFailed":false,"newBroken":false,"newPassed":false,"retriesCount":22,"retriesStatusChange":true,"beforeStages":[{"name":"driver","time":{"start":1753877608498,"stop":1753877609908,"duration":1410},"status":"passed","steps":[],"attachments":[],"parameters":[],"attachmentsCount":0,"shouldDisplayMessage":false,"stepsCount":0,"hasContent":false,"attachmentStep":false},{"name":"login","time":{"start":1753877609909,"stop":1753877642260,"duration":32351},"status":"passed","steps":[{"name":"Loading login page: 'https://smiligencehr.itsfortesza.com'","time":{"start":1753877609910,"stop":1753877624916,"duration":15006},"status":"passed","steps":[],"attachments":[],"parameters":[{"name":"url","value":"'https://smiligencehr.itsfortesza.com'"}],"attachmentsCount":0,"shouldDisplayMessage":false,"stepsCount":0,"hasContent":true,"attachmentStep":false},{"name":"Logging in with username: 'admin@gmail.com'","time":{"start":1753877624916,"stop":1753877642260,"duration":17344},"status":"passed","steps":[],"attachments":[],"parameters":[{"name":"username","value":"'admin@gmail.com'"},{"name":"password","value":"'Welcome@l1'"}],"attachmentsCount":0,"shouldDisplayMessage":false,"stepsCount":0,"hasContent":true,"attachmentStep":false}],"attachments":[],"parameters":[],"attachmentsCount":0,"shouldDisplayMessage":false,"stepsCount":2,"hasContent":true,"attachmentStep":false}],"testStage":{"status":"passed","steps":[],"attachments":[{"uid":"4b792da15eca3f9c","name":"stdout","source":"4b792da15eca3f9c.txt","type":"text/plain","size":73}],"parameters":[],"attachmentsCount":1,"shouldDisplayMessage":false,"stepsCount":0,"hasContent":true,"attachmentStep":false},"afterStages":[{"name":"driver::0","time":{"start":1753877642278,"stop":1753877644522,"duration":2244},"status":"passed","steps":[],"attachments":[],"parameters":[],"attachmentsCount":0,"shouldDisplayMessage":false,"stepsCount":0,"hasContent":false,"attachmentStep":false}],"labels":[{"name":"parentSuite","value":"tests"},{"name":"suite","value":"test_sample"},{"name":"host","value":"DESKTOP-NDHQIMI"},{"name":"thread","value":"14036-MainThread"},{"name":"framework","value":"pytest"},{"name":"language","value":"cpython3"},{"name":"package","value":"tests.test_sample"},{"name":"resultFormat","value":"allure2"}],"parameters":[],"links":[],"hidden":false,"retry":false,"extra":{"severity":"normal","retries":[{"uid":"7fa886bb157ff117","status":"passed","time":{"start":1753443189103,"stop":1753443189118,"duration":15}},{"uid":"4e0bc3e15c8fe8b9","status":"broken","statusDetails":"selenium.common.exceptions.SessionNotCreatedException: Message: session not created: This version of ChromeDriver only supports Chrome version 114\nCurrent browser version is 131.0.6778.109 with binary path C:\\Program Files\\Google\\Chrome\\Application\\chrome.exe; For documentation on this error, please visit: https://www.selenium.dev/documentation/webdriver/troubleshooting/errors#sessionnotcreatedexception\nStacktrace:\nBacktrace:\n\tGetHandleVerifier [0x00F5A813+48355]\n\t(No symbol) [0x00EEC4B1]\n\t(No symbol) [0x00DF5358]\n\t(No symbol) [0x00E161AC]\n\t(No symbol) [0x00E11EF3]\n\t(No symbol) [0x00E10579]\n\t(No symbol) [0x00E40C55]\n\t(No symbol) [0x00E4093C]\n\t(No symbol) [0x00E3A536]\n\t(No symbol) [0x00E182DC]\n\t(No symbol) [0x00E193DD]\n\tGetHandleVerifier [0x011BAABD+2539405]\n\tGetHandleVerifier [0x011FA78F+2800735]\n\tGetHandleVerifier [0x011F456C+2775612]\n\tGetHandleVerifier [0x00FE51E0+616112]\n\t(No symbol) [0x00EF5F8C]\n\t(No symbol) [0x00EF2328]\n\t(No symbol) [0x00EF240B]\n\t(No symbol) [0x00EE4FF7]\n\tBaseThreadInitThunk [0x75D2FCC9+25]\n\tRtlGetAppContainerNamedObjectPath [0x77A682AE+286]\n\tRtlGetAppContainerNamedObjectPath [0x77A6827E+238]","time":{"start":1753442421051,"stop":1753442421051,"duration":0}},{"uid":"83ce7d9e201c2dc8","status":"broken","statusDetails":"_pytest.fixtures.FixtureLookupError: ('driver', <SubRequest 'login' for <Function test_dashboard_title>>)","time":{"start":1753442238996,"stop":1753442238996,"duration":0}},{"uid":"42042a07abcce506","status":"broken","statusDetails":"_pytest.fixtures.FixtureLookupError: ('driver', <SubRequest 'login' for <Function test_dashboard_title>>)","time":{"start":1753442223781,"stop":1753442223781,"duration":0}},{"uid":"6e56e379bccb9f25","status":"broken","statusDetails":"selenium.common.exceptions.SessionNotCreatedException: Message: session not created: This version of ChromeDriver only supports Chrome version 114\nCurrent browser version is 131.0.6778.109 with binary path C:\\Program Files\\Google\\Chrome\\Application\\chrome.exe; For documentation on this error, please visit: https://www.selenium.dev/documentation/webdriver/troubleshooting/errors#sessionnotcreatedexception\nStacktrace:\nBacktrace:\n\tGetHandleVerifier [0x00DAA813+48355]\n\t(No symbol) [0x00D3C4B1]\n\t(No symbol) [0x00C45358]\n\t(No symbol) [0x00C661AC]\n\t(No symbol) [0x00C61EF3]\n\t(No symbol) [0x00C60579]\n\t(No symbol) [0x00C90C55]\n\t(No symbol) [0x00C9093C]\n\t(No symbol) [0x00C8A536]\n\t(No symbol) [0x00C682DC]\n\t(No symbol) [0x00C693DD]\n\tGetHandleVerifier [0x0100AABD+2539405]\n\tGetHandleVerifier [0x0104A78F+2800735]\n\tGetHandleVerifier [0x0104456C+2775612]\n\tGetHandleVerifier [0x00E351E0+616112]\n\t(No symbol) [0x00D45F8C]\n\t(No symbol) [0x00D42328]\n\t(No symbol) [0x00D4240B]\n\t(No symbol) [0x00D34FF7]\n\tBaseThreadInitThunk [0x75D2FCC9+25]\n\tRtlGetAppContainerNamedObjectPath [0x77A682AE+286]\n\tRtlGetAppContainerNamedObjectPath [0x77A6827E+238]","time":{"start":1753442160918,"stop":1753442160918,"duration":0}},{"uid":"7664ec07ae7e88b5","status":"broken","statusDetails":"selenium.common.exceptions.SessionNotCreatedException: Message: session not created: This version of ChromeDriver only supports Chrome version 114\nCurrent browser version is 131.0.6778.109 with binary path C:\\Program Files\\Google\\Chrome\\Application\\chrome.exe; For documentation on this error, please visit: https://www.selenium.dev/documentation/webdriver/troubleshooting/errors#sessionnotcreatedexception\nStacktrace:\nBacktrace:\n\tGetHandleVerifier [0x007CA813+48355]\n\t(No symbol) [0x0075C4B1]\n\t(No symbol) [0x00665358]\n\t(No symbol) [0x006861AC]\n\t(No symbol) [0x00681EF3]\n\t(No symbol) [0x00680579]\n\t(No symbol) [0x006B0C55]\n\t(No symbol) [0x006B093C]\n\t(No symbol) [0x006AA536]\n\t(No symbol) [0x006882DC]\n\t(No symbol) [0x006893DD]\n\tGetHandleVerifier [0x00A2AABD+2539405]\n\tGetHandleVerifier [0x00A6A78F+2800735]\n\tGetHandleVerifier [0x00A6456C+2775612]\n\tGetHandleVerifier [0x008551E0+616112]\n\t(No symbol) [0x00765F8C]\n\t(No symbol) [0x00762328]\n\t(No symbol) [0x0076240B]\n\t(No symbol) [0x00754FF7]\n\tBaseThreadInitThunk [0x75D2FCC9+25]\n\tRtlGetAppContainerNamedObjectPath [0x77A682AE+286]\n\tRtlGetAppContainerNamedObjectPath [0x77A6827E+238]","time":{"start":1753440902674,"stop":1753440902674,"duration":0}},{"uid":"39b432070ea34fbb","status":"passed","time":{"start":1753337896659,"stop":1753337896671,"duration":12}},{"uid":"dbc2d87b24a11a4e","status":"passed","time":{"start":1753274837539,"stop":1753274837544,"duration":5}},{"uid":"b4200db60b2b65fd","status":"passed","time":{"start":1753250344759,"stop":1753250344768,"duration":9}},{"uid":"24eb20d0eb71c28f","status":"passed","time":{"start":1753249405361,"stop":1753249405375,"duration":14}},{"uid":"8ca5635e11b86d34","status":"passed","time":{"start":1753182913271,"stop":1753182913288,"duration":17}},{"uid":"5ad1d41aad0197c3","status":"passed","time":{"start":1753182458660,"stop":1753182458675,"duration":15}},{"uid":"cdf174015071715","status":"passed","time":{"start":1753180919388,"stop":1753180919388,"duration":0}},{"uid":"cffc159d95f1735f","status":"passed","time":{"start":1753180825683,"stop":1753180825694,"duration":11}},{"uid":"66305f5613f82d36","status":"passed","time":{"start":1753179764976,"stop":1753179764990,"duration":14}},{"uid":"e7e59d8a45f93238","status":"passed","time":{"start":1753179136685,"stop":1753179136690,"duration":5}},{"uid":"fdafff2dbc63bcb5","status":"broken","statusDetails":"selenium.common.exceptions.TimeoutException: Message: \nStacktrace:\n\tGetHandleVerifier [0x00007FF7F03080D5+2992373]\n\t(No symbol) [0x00007FF7EFF9BFD0]\n\t(No symbol) [0x00007FF7EFE3590A]\n\t(No symbol) [0x00007FF7EFE8926E]\n\t(No symbol) [0x00007FF7EFE8955C]\n\t(No symbol) [0x00007FF7EFED27D7]\n\t(No symbol) [0x00007FF7EFEAF3AF]\n\t(No symbol) [0x00007FF7EFECF584]\n\t(No symbol) [0x00007FF7EFEAF113]\n\t(No symbol) [0x00007FF7EFE7A918]\n\t(No symbol) [0x00007FF7EFE7BA81]\n\tGetHandleVerifier [0x00007FF7F0366A2D+3379789]\n\tGetHandleVerifier [0x00007FF7F037C32D+3468109]\n\tGetHandleVerifier [0x00007FF7F0370043+3418211]\n\tGetHandleVerifier [0x00007FF7F00FC78B+847787]\n\t(No symbol) [0x00007FF7EFFA757F]\n\t(No symbol) [0x00007FF7EFFA2FC4]\n\t(No symbol) [0x00007FF7EFFA315D]\n\t(No symbol) [0x00007FF7EFF92979]\n\tBaseThreadInitThunk [0x00007FFD35F27374+20]\n\tRtlUserThreadStart [0x00007FFD36EBCC91+33]","time":{"start":1753178827463,"stop":1753178827463,"duration":0}},{"uid":"c767fb89d5029fd9","status":"broken","statusDetails":"selenium.common.exceptions.InvalidElementStateException: Message: invalid element state\n  (Session info: chrome=131.0.6778.109)\nStacktrace:\n\tGetHandleVerifier [0x00007FF7F03080D5+2992373]\n\t(No symbol) [0x00007FF7EFF9BFD0]\n\t(No symbol) [0x00007FF7EFE35739]\n\t(No symbol) [0x00007FF7EFE7EBB5]\n\t(No symbol) [0x00007FF7EFEAF36A]\n\t(No symbol) [0x00007FF7EFE7C596]\n\t(No symbol) [0x00007FF7EFEAF580]\n\t(No symbol) [0x00007FF7EFECF584]\n\t(No symbol) [0x00007FF7EFEAF113]\n\t(No symbol) [0x00007FF7EFE7A918]\n\t(No symbol) [0x00007FF7EFE7BA81]\n\tGetHandleVerifier [0x00007FF7F0366A2D+3379789]\n\tGetHandleVerifier [0x00007FF7F037C32D+3468109]\n\tGetHandleVerifier [0x00007FF7F0370043+3418211]\n\tGetHandleVerifier [0x00007FF7F00FC78B+847787]\n\t(No symbol) [0x00007FF7EFFA757F]\n\t(No symbol) [0x00007FF7EFFA2FC4]\n\t(No symbol) [0x00007FF7EFFA315D]\n\t(No symbol) [0x00007FF7EFF92979]\n\tBaseThreadInitThunk [0x00007FFD35F27374+20]\n\tRtlUserThreadStart [0x00007FFD36EBCC91+33]","time":{"start":1753178527929,"stop":1753178527929,"duration":0}},{"uid":"88ed7be49c7839f1","status":"broken","statusDetails":"selenium.common.exceptions.NoSuchElementException: Message: no such element: Unable to locate element: {\"method\":\"css selector\",\"selector\":\"[id=\"username\"]\"}\n  (Session info: chrome=131.0.6778.109); For documentation on this error, please visit: https://www.selenium.dev/documentation/webdriver/troubleshooting/errors#nosuchelementexception\nStacktrace:\n\tGetHandleVerifier [0x00007FF7F03080D5+2992373]\n\t(No symbol) [0x00007FF7EFF9BFD0]\n\t(No symbol) [0x00007FF7EFE3590A]\n\t(No symbol) [0x00007FF7EFE8926E]\n\t(No symbol) [0x00007FF7EFE8955C]\n\t(No symbol) [0x00007FF7EFED27D7]\n\t(No symbol) [0x00007FF7EFEAF3AF]\n\t(No symbol) [0x00007FF7EFECF584]\n\t(No symbol) [0x00007FF7EFEAF113]\n\t(No symbol) [0x00007FF7EFE7A918]\n\t(No symbol) [0x00007FF7EFE7BA81]\n\tGetHandleVerifier [0x00007FF7F0366A2D+3379789]\n\tGetHandleVerifier [0x00007FF7F037C32D+3468109]\n\tGetHandleVerifier [0x00007FF7F0370043+3418211]\n\tGetHandleVerifier [0x00007FF7F00FC78B+847787]\n\t(No symbol) [0x00007FF7EFFA757F]\n\t(No symbol) [0x00007FF7EFFA2FC4]\n\t(No symbol) [0x00007FF7EFFA315D]\n\t(No symbol) [0x00007FF7EFF92979]\n\tBaseThreadInitThunk [0x00007FFD35F27374+20]\n\tRtlUserThreadStart [0x00007FFD36EBCC91+33]","time":{"start":1753178305060,"stop":1753178305060,"duration":0}},{"uid":"fcb94b44bd165bf","status":"broken","statusDetails":"selenium.common.exceptions.NoSuchElementException: Message: no such element: Unable to locate element: {\"method\":\"css selector\",\"selector\":\"[id=\"username\"]\"}\n  (Session info: chrome=131.0.6778.109); For documentation on this error, please visit: https://www.selenium.dev/documentation/webdriver/troubleshooting/errors#nosuchelementexception\nStacktrace:\n\tGetHandleVerifier [0x00007FF7F03080D5+2992373]\n\t(No symbol) [0x00007FF7EFF9BFD0]\n\t(No symbol) [0x00007FF7EFE3590A]\n\t(No symbol) [0x00007FF7EFE8926E]\n\t(No symbol) [0x00007FF7EFE8955C]\n\t(No symbol) [0x00007FF7EFED27D7]\n\t(No symbol) [0x00007FF7EFEAF3AF]\n\t(No symbol) [0x00007FF7EFECF584]\n\t(No symbol) [0x00007FF7EFEAF113]\n\t(No symbol) [0x00007FF7EFE7A918]\n\t(No symbol) [0x00007FF7EFE7BA81]\n\tGetHandleVerifier [0x00007FF7F0366A2D+3379789]\n\tGetHandleVerifier [0x00007FF7F037C32D+3468109]\n\tGetHandleVerifier [0x00007FF7F0370043+3418211]\n\tGetHandleVerifier [0x00007FF7F00FC78B+847787]\n\t(No symbol) [0x00007FF7EFFA757F]\n\t(No symbol) [0x00007FF7EFFA2FC4]\n\t(No symbol) [0x00007FF7EFFA315D]\n\t(No symbol) [0x00007FF7EFF92979]\n\tBaseThreadInitThunk [0x00007FFD35F27374+20]\n\tRtlUserThreadStart [0x00007FFD36EBCC91+33]","time":{"start":1753178210165,"stop":1753178210165,"duration":0}},{"uid":"d4951ae6e6f3bc1e","status":"broken","statusDetails":"selenium.common.exceptions.NoSuchElementException: Message: no such element: Unable to locate element: {\"method\":\"css selector\",\"selector\":\"[id=\"username\"]\"}\n  (Session info: chrome=131.0.6778.109); For documentation on this error, please visit: https://www.selenium.dev/documentation/webdriver/troubleshooting/errors#nosuchelementexception\nStacktrace:\n\tGetHandleVerifier [0x00007FF7F03080D5+2992373]\n\t(No symbol) [0x00007FF7EFF9BFD0]\n\t(No symbol) [0x00007FF7EFE3590A]\n\t(No symbol) [0x00007FF7EFE8926E]\n\t(No symbol) [0x00007FF7EFE8955C]\n\t(No symbol) [0x00007FF7EFED27D7]\n\t(No symbol) [0x00007FF7EFEAF3AF]\n\t(No symbol) [0x00007FF7EFECF584]\n\t(No symbol) [0x00007FF7EFEAF113]\n\t(No symbol) [0x00007FF7EFE7A918]\n\t(No symbol) [0x00007FF7EFE7BA81]\n\tGetHandleVerifier [0x00007FF7F0366A2D+3379789]\n\tGetHandleVerifier [0x00007FF7F037C32D+3468109]\n\tGetHandleVerifier [0x00007FF7F0370043+3418211]\n\tGetHandleVerifier [0x00007FF7F00FC78B+847787]\n\t(No symbol) [0x00007FF7EFFA757F]\n\t(No symbol) [0x00007FF7EFFA2FC4]\n\t(No symbol) [0x00007FF7EFFA315D]\n\t(No symbol) [0x00007FF7EFF92979]\n\tBaseThreadInitThunk [0x00007FFD35F27374+20]\n\tRtlUserThreadStart [0x00007FFD36EBCC91+33]","time":{"start":1753178167220,"stop":1753178167220,"duration":0}},{"uid":"d71fb84aacffb5f5","status":"broken","statusDetails":"selenium.common.exceptions.NoSuchElementException: Message: no such element: Unable to locate element: {\"method\":\"css selector\",\"selector\":\"[id=\"username\"]\"}\n  (Session info: chrome=131.0.6778.109); For documentation on this error, please visit: https://www.selenium.dev/documentation/webdriver/troubleshooting/errors#nosuchelementexception\nStacktrace:\n\tGetHandleVerifier [0x00007FF7F03080D5+2992373]\n\t(No symbol) [0x00007FF7EFF9BFD0]\n\t(No symbol) [0x00007FF7EFE3590A]\n\t(No symbol) [0x00007FF7EFE8926E]\n\t(No symbol) [0x00007FF7EFE8955C]\n\t(No symbol) [0x00007FF7EFED27D7]\n\t(No symbol) [0x00007FF7EFEAF3AF]\n\t(No symbol) [0x00007FF7EFECF584]\n\t(No symbol) [0x00007FF7EFEAF113]\n\t(No symbol) [0x00007FF7EFE7A918]\n\t(No symbol) [0x00007FF7EFE7BA81]\n\tGetHandleVerifier [0x00007FF7F0366A2D+3379789]\n\tGetHandleVerifier [0x00007FF7F037C32D+3468109]\n\tGetHandleVerifier [0x00007FF7F0370043+3418211]\n\tGetHandleVerifier [0x00007FF7F00FC78B+847787]\n\t(No symbol) [0x00007FF7EFFA757F]\n\t(No symbol) [0x00007FF7EFFA2FC4]\n\t(No symbol) [0x00007FF7EFFA315D]\n\t(No symbol) [0x00007FF7EFF92979]\n\tBaseThreadInitThunk [0x00007FFD35F27374+20]\n\tRtlUserThreadStart [0x00007FFD36EBCC91+33]","time":{"start":1753178072919,"stop":1753178072919,"duration":0}}],"categories":[],"tags":[]},"source":"eeb870ae14a445a9.json","parameterValues":[]}