{"name": "test_dashboard_title", "status": "broken", "statusDetails": {"message": "selenium.common.exceptions.TimeoutException: Message: \nStacktrace:\n\tGetHandleVerifier [0x00007FF7F03080D5+2992373]\n\t(No symbol) [0x00007FF7EFF9BFD0]\n\t(No symbol) [0x00007FF7EFE3590A]\n\t(No symbol) [0x00007FF7EFE8926E]\n\t(No symbol) [0x00007FF7EFE8955C]\n\t(No symbol) [0x00007FF7EFED27D7]\n\t(No symbol) [0x00007FF7EFEAF3AF]\n\t(No symbol) [0x00007FF7EFECF584]\n\t(No symbol) [0x00007FF7EFEAF113]\n\t(No symbol) [0x00007FF7EFE7A918]\n\t(No symbol) [0x00007FF7EFE7BA81]\n\tGetHandleVerifier [0x00007FF7F0366A2D+3379789]\n\tGetHandleVerifier [0x00007FF7F037C32D+3468109]\n\tGetHandleVerifier [0x00007FF7F0370043+3418211]\n\tGetHandleVerifier [0x00007FF7F00FC78B+847787]\n\t(No symbol) [0x00007FF7EFFA757F]\n\t(No symbol) [0x00007FF7EFFA2FC4]\n\t(No symbol) [0x00007FF7EFFA315D]\n\t(No symbol) [0x00007FF7EFF92979]\n\tBaseThreadInitThunk [0x00007FFD35F27374+20]\n\tRtlUserThreadStart [0x00007FFD36EBCC91+33]", "trace": "driver = <selenium.webdriver.chrome.webdriver.WebDriver (session=\"ec26979a48a5376ee370e3a1f5f29f01\")>\n\n    @pytest.fixture(scope=\"function\")\n    def login(driver):\n        config = read_config()\n        login_page = LoginPage(driver)\n        login_page.load(config[\"base_url\"])\n>       login_page.login(config[\"username\"], config[\"password\"])\n\ntests\\conftest.py:25: \n_ _ _ _ _ _ _ _ _ _ _ _ _ _ _ _ _ _ _ _ _ _ _ _ _ _ _ _ _ _ _ _ _ _ _ _ _ _ _ _\npages\\login_page.py:17: in login\n    self.enter_text(self.PASSWORD, password)\npages\\base_page.py:11: in enter_text\n    element = self.wait.until(EC.element_to_be_clickable(locator))\n_ _ _ _ _ _ _ _ _ _ _ _ _ _ _ _ _ _ _ _ _ _ _ _ _ _ _ _ _ _ _ _ _ _ _ _ _ _ _ _\n\nself = <selenium.webdriver.support.wait.WebDriverWait (session=\"ec26979a48a5376ee370e3a1f5f29f01\")>\nmethod = <function element_to_be_clickable.<locals>._predicate at 0x00000216E1436A70>\nmessage = ''\n\n    def until(self, method: Callable[[D], Union[Literal[False], T]], message: str = \"\") -> T:\n        \"\"\"Wait until the method returns a value that is not False.\n    \n        Calls the method provided with the driver as an argument until the\n        return value does not evaluate to ``False``.\n    \n        Parameters:\n        -----------\n        method: callable(WebDriver)\n            - A callable object that takes a WebDriver instance as an argument.\n    \n        message: str\n            - Optional message for :exc:`TimeoutException`\n    \n        Return:\n        -------\n        object: T\n            - The result of the last call to `method`\n    \n        Raises:\n        -------\n        TimeoutException\n            - If 'method' does not return a truthy value within the WebDriverWait\n            object's timeout\n    \n        Example:\n        --------\n        >>> from selenium.webdriver.common.by import By\n        >>> from selenium.webdriver.support.ui import WebDriverWait\n        >>> from selenium.webdriver.support import expected_conditions as EC\n    \n        # Wait until an element is visible on the page\n        >>> wait = WebDriverWait(driver, 10)\n        >>> element = wait.until(EC.visibility_of_element_located((By.ID, \"exampleId\")))\n        >>> print(element.text)\n        \"\"\"\n        screen = None\n        stacktrace = None\n    \n        end_time = time.monotonic() + self._timeout\n        while True:\n            try:\n                value = method(self._driver)\n                if value:\n                    return value\n            except self._ignored_exceptions as exc:\n                screen = getattr(exc, \"screen\", None)\n                stacktrace = getattr(exc, \"stacktrace\", None)\n            if time.monotonic() > end_time:\n                break\n            time.sleep(self._poll)\n>       raise TimeoutException(message, screen, stacktrace)\nE       selenium.common.exceptions.TimeoutException: Message: \nE       Stacktrace:\nE       \tGetHandleVerifier [0x00007FF7F03080D5+2992373]\nE       \t(No symbol) [0x00007FF7EFF9BFD0]\nE       \t(No symbol) [0x00007FF7EFE3590A]\nE       \t(No symbol) [0x00007FF7EFE8926E]\nE       \t(No symbol) [0x00007FF7EFE8955C]\nE       \t(No symbol) [0x00007FF7EFED27D7]\nE       \t(No symbol) [0x00007FF7EFEAF3AF]\nE       \t(No symbol) [0x00007FF7EFECF584]\nE       \t(No symbol) [0x00007FF7EFEAF113]\nE       \t(No symbol) [0x00007FF7EFE7A918]\nE       \t(No symbol) [0x00007FF7EFE7BA81]\nE       \tGetHandleVerifier [0x00007FF7F0366A2D+3379789]\nE       \tGetHandleVerifier [0x00007FF7F037C32D+3468109]\nE       \tGetHandleVerifier [0x00007FF7F0370043+3418211]\nE       \tGetHandleVerifier [0x00007FF7F00FC78B+847787]\nE       \t(No symbol) [0x00007FF7EFFA757F]\nE       \t(No symbol) [0x00007FF7EFFA2FC4]\nE       \t(No symbol) [0x00007FF7EFFA315D]\nE       \t(No symbol) [0x00007FF7EFF92979]\nE       \tBaseThreadInitThunk [0x00007FFD35F27374+20]\nE       \tRtlUserThreadStart [0x00007FFD36EBCC91+33]\n\n.venv\\lib\\site-packages\\selenium\\webdriver\\support\\wait.py:138: TimeoutException"}, "start": 1753178827463, "stop": 1753178827463, "uuid": "15210f31-14db-414f-ae31-277df8048396", "historyId": "4fdb3ff022c5ddb7b1ce62058a7927fa", "testCaseId": "4fdb3ff022c5ddb7b1ce62058a7927fa", "fullName": "tests.test_sample#test_dashboard_title", "labels": [{"name": "parentSuite", "value": "tests"}, {"name": "suite", "value": "test_sample"}, {"name": "host", "value": "DESKTOP-NDHQIMI"}, {"name": "thread", "value": "6532-MainThread"}, {"name": "framework", "value": "pytest"}, {"name": "language", "value": "cpython3"}, {"name": "package", "value": "tests.test_sample"}]}