{"name": "Blank Submit Validation with Multiple Edits", "status": "broken", "statusDetails": {"message": "selenium.common.exceptions.TimeoutException: Message: \nStacktrace:\n\tGetHandleVerifier [0x00007FF7131B80D5+2992373]\n\t(No symbol) [0x00007FF712E4BFD0]\n\t(No symbol) [0x00007FF712CE590A]\n\t(No symbol) [0x00007FF712D3926E]\n\t(No symbol) [0x00007FF712D3955C]\n\t(No symbol) [0x00007FF712D827D7]\n\t(No symbol) [0x00007FF712D5F3AF]\n\t(No symbol) [0x00007FF712D7F584]\n\t(No symbol) [0x00007FF712D5F113]\n\t(No symbol) [0x00007FF712D2A918]\n\t(No symbol) [0x00007FF712D2BA81]\n\tGetHandleVerifier [0x00007FF713216A2D+3379789]\n\tGetHandleVerifier [0x00007FF71322C32D+3468109]\n\tGetHandleVerifier [0x00007FF713220043+3418211]\n\tGetHandleVerifier [0x00007FF712FAC78B+847787]\n\t(No symbol) [0x00007FF712E5757F]\n\t(No symbol) [0x00007FF712E52FC4]\n\t(No symbol) [0x00007FF712E5315D]\n\t(No symbol) [0x00007FF712E42979]\n\tBaseThreadInitThunk [0x00007FFC577A7374+20]\n\tRtlUserThreadStart [0x00007FFC58A5CC91+33]", "trace": "tests\\conftest.py:30: in login\n    login_page.login(config[\"username\"], config[\"password\"])\npages\\login_page.py:19: in login\n    self.enter_text(self.EMAIL, username)\npages\\base_page.py:29: in enter_text\n    element = self.wait.until(EC.element_to_be_clickable(locator))\n.venv\\lib\\site-packages\\selenium\\webdriver\\support\\wait.py:138: in until\n    raise TimeoutException(message, screen, stacktrace)\nE   selenium.common.exceptions.TimeoutException: Message: \nE   Stacktrace:\nE   \tGetHandleVerifier [0x00007FF7131B80D5+2992373]\nE   \t(No symbol) [0x00007FF712E4BFD0]\nE   \t(No symbol) [0x00007FF712CE590A]\nE   \t(No symbol) [0x00007FF712D3926E]\nE   \t(No symbol) [0x00007FF712D3955C]\nE   \t(No symbol) [0x00007FF712D827D7]\nE   \t(No symbol) [0x00007FF712D5F3AF]\nE   \t(No symbol) [0x00007FF712D7F584]\nE   \t(No symbol) [0x00007FF712D5F113]\nE   \t(No symbol) [0x00007FF712D2A918]\nE   \t(No symbol) [0x00007FF712D2BA81]\nE   \tGetHandleVerifier [0x00007FF713216A2D+3379789]\nE   \tGetHandleVerifier [0x00007FF71322C32D+3468109]\nE   \tGetHandleVerifier [0x00007FF713220043+3418211]\nE   \tGetHandleVerifier [0x00007FF712FAC78B+847787]\nE   \t(No symbol) [0x00007FF712E5757F]\nE   \t(No symbol) [0x00007FF712E52FC4]\nE   \t(No symbol) [0x00007FF712E5315D]\nE   \t(No symbol) [0x00007FF712E42979]\nE   \tBaseThreadInitThunk [0x00007FFC577A7374+20]\nE   \tRtlUserThreadStart [0x00007FFC58A5CC91+33]"}, "description": "\n        Test case to verify validation messages when submitting the Designation form without entering any data.\n        ", "start": 1753869757623, "stop": 1753869757623, "uuid": "6cdc0f9f-057b-40c3-a049-b341eebf2694", "historyId": "11a07f0a58b1f665163cdadeb57ab21e", "testCaseId": "11a07f0a58b1f665163cdadeb57ab21e", "fullName": "tests.test_DR_Designation_page.TestDesignationValidation#test_blank_submit_validation", "labels": [{"name": "parentSuite", "value": "tests"}, {"name": "suite", "value": "test_DR_Designation_page"}, {"name": "subSuite", "value": "TestDesignationValidation"}, {"name": "host", "value": "DESKTOP-NDHQIMI"}, {"name": "thread", "value": "8960-MainThread"}, {"name": "framework", "value": "pytest"}, {"name": "language", "value": "cpython3"}, {"name": "package", "value": "tests.test_DR_Designation_page"}]}