{"name": "Blank Submit Validation with Multiple Edits", "status": "broken", "statusDetails": {"message": "selenium.common.exceptions.SessionNotCreatedException: Message: session not created: This version of ChromeDriver only supports Chrome version 114\nCurrent browser version is 131.0.6778.109 with binary path C:\\Program Files\\Google\\Chrome\\Application\\chrome.exe; For documentation on this error, please visit: https://www.selenium.dev/documentation/webdriver/troubleshooting/errors#sessionnotcreatedexception\nStacktrace:\nBacktrace:\n\tGetHandleVerifier [0x003FA813+48355]\n\t(No symbol) [0x0038C4B1]\n\t(No symbol) [0x00295358]\n\t(No symbol) [0x002B61AC]\n\t(No symbol) [0x002B1EF3]\n\t(No symbol) [0x002B0579]\n\t(No symbol) [0x002E0C55]\n\t(No symbol) [0x002E093C]\n\t(No symbol) [0x002DA536]\n\t(No symbol) [0x002B82DC]\n\t(No symbol) [0x002B93DD]\n\tGetHandleVerifier [0x0065AABD+2539405]\n\tGetHandleVerifier [0x0069A78F+2800735]\n\tGetHandleVerifier [0x0069456C+2775612]\n\tGetHandleVerifier [0x004851E0+616112]\n\t(No symbol) [0x00395F8C]\n\t(No symbol) [0x00392328]\n\t(No symbol) [0x0039240B]\n\t(No symbol) [0x00384FF7]\n\tBaseThreadInitThunk [0x75D2FCC9+25]\n\tRtlGetAppContainerNamedObjectPath [0x77A682AE+286]\n\tRtlGetAppContainerNamedObjectPath [0x77A6827E+238]", "trace": "tests\\conftest.py:14: in driver\n    driver = webdriver.Chrome(service=service, options=options)\n.venv\\lib\\site-packages\\selenium\\webdriver\\chrome\\webdriver.py:47: in __init__\n    super().__init__(\n.venv\\lib\\site-packages\\selenium\\webdriver\\chromium\\webdriver.py:69: in __init__\n    super().__init__(command_executor=executor, options=options)\n.venv\\lib\\site-packages\\selenium\\webdriver\\remote\\webdriver.py:261: in __init__\n    self.start_session(capabilities)\n.venv\\lib\\site-packages\\selenium\\webdriver\\remote\\webdriver.py:362: in start_session\n    response = self.execute(Command.NEW_SESSION, caps)[\"value\"]\n.venv\\lib\\site-packages\\selenium\\webdriver\\remote\\webdriver.py:454: in execute\n    self.error_handler.check_response(response)\n.venv\\lib\\site-packages\\selenium\\webdriver\\remote\\errorhandler.py:232: in check_response\n    raise exception_class(message, screen, stacktrace)\nE   selenium.common.exceptions.SessionNotCreatedException: Message: session not created: This version of ChromeDriver only supports Chrome version 114\nE   Current browser version is 131.0.6778.109 with binary path C:\\Program Files\\Google\\Chrome\\Application\\chrome.exe; For documentation on this error, please visit: https://www.selenium.dev/documentation/webdriver/troubleshooting/errors#sessionnotcreatedexception\nE   Stacktrace:\nE   Backtrace:\nE   \tGetHandleVerifier [0x003FA813+48355]\nE   \t(No symbol) [0x0038C4B1]\nE   \t(No symbol) [0x00295358]\nE   \t(No symbol) [0x002B61AC]\nE   \t(No symbol) [0x002B1EF3]\nE   \t(No symbol) [0x002B0579]\nE   \t(No symbol) [0x002E0C55]\nE   \t(No symbol) [0x002E093C]\nE   \t(No symbol) [0x002DA536]\nE   \t(No symbol) [0x002B82DC]\nE   \t(No symbol) [0x002B93DD]\nE   \tGetHandleVerifier [0x0065AABD+2539405]\nE   \tGetHandleVerifier [0x0069A78F+2800735]\nE   \tGetHandleVerifier [0x0069456C+2775612]\nE   \tGetHandleVerifier [0x004851E0+616112]\nE   \t(No symbol) [0x00395F8C]\nE   \t(No symbol) [0x00392328]\nE   \t(No symbol) [0x0039240B]\nE   \t(No symbol) [0x00384FF7]\nE   \tBaseThreadInitThunk [0x75D2FCC9+25]\nE   \tRtlGetAppContainerNamedObjectPath [0x77A682AE+286]\nE   \tRtlGetAppContainerNamedObjectPath [0x77A6827E+238]"}, "description": "\n        Test case to verify validation messages when submitting the Designation form without entering any data.\n        ", "start": 1753442061217, "stop": 1753442061217, "uuid": "42867354-acb9-47f0-97a9-661d64164c2b", "historyId": "11a07f0a58b1f665163cdadeb57ab21e", "testCaseId": "11a07f0a58b1f665163cdadeb57ab21e", "fullName": "tests.test_DR_Designation_page.TestDesignationValidation#test_blank_submit_validation", "labels": [{"name": "parentSuite", "value": "tests"}, {"name": "suite", "value": "test_DR_Designation_page"}, {"name": "subSuite", "value": "TestDesignationValidation"}, {"name": "host", "value": "DESKTOP-NDHQIMI"}, {"name": "thread", "value": "11176-MainThread"}, {"name": "framework", "value": "pytest"}, {"name": "language", "value": "cpython3"}, {"name": "package", "value": "tests.test_DR_Designation_page"}]}