{"uuid": "fa930262-1fbd-497c-99b2-1c348c65ce48", "children": ["643495ea-0263-4fb7-a06a-3ad180a5c3fd"], "befores": [{"name": "login", "status": "broken", "statusDetails": {"message": "selenium.common.exceptions.TimeoutException: Message: \nStacktrace:\n\tGetHandleVerifier [0x00007FF7131B80D5+2992373]\n\t(No symbol) [0x00007FF712E4BFD0]\n\t(No symbol) [0x00007FF712CE590A]\n\t(No symbol) [0x00007FF712D3926E]\n\t(No symbol) [0x00007FF712D3955C]\n\t(No symbol) [0x00007FF712D827D7]\n\t(No symbol) [0x00007FF712D5F3AF]\n\t(No symbol) [0x00007FF712D7F584]\n\t(No symbol) [0x00007FF712D5F113]\n\t(No symbol) [0x00007FF712D2A918]\n\t(No symbol) [0x00007FF712D2BA81]\n\tGetHandleVerifier [0x00007FF713216A2D+3379789]\n\tGetHandleVerifier [0x00007FF71322C32D+3468109]\n\tGetHandleVerifier [0x00007FF713220043+3418211]\n\tGetHandleVerifier [0x00007FF712FAC78B+847787]\n\t(No symbol) [0x00007FF712E5757F]\n\t(No symbol) [0x00007FF712E52FC4]\n\t(No symbol) [0x00007FF712E5315D]\n\t(No symbol) [0x00007FF712E42979]\n\tBaseThreadInitThunk [0x00007FFC577A7374+20]\n\tRtlUserThreadStart [0x00007FFC58A5CC91+33]\n\n", "trace": "  File \"C:\\Users\\User\\PycharmProjects\\SmiligenceHrAdmin\\.venv\\lib\\site-packages\\pluggy\\_callers.py\", line 38, in run_old_style_hookwrapper\n    res = yield\n  File \"C:\\Users\\User\\PycharmProjects\\SmiligenceHrAdmin\\.venv\\lib\\site-packages\\pluggy\\_callers.py\", line 139, in _multicall\n    teardown.throw(exception)\n  File \"C:\\Users\\User\\PycharmProjects\\SmiligenceHrAdmin\\.venv\\lib\\site-packages\\_pytest\\setuponly.py\", line 36, in pytest_fixture_setup\n    return (yield)\n  File \"C:\\Users\\User\\PycharmProjects\\SmiligenceHrAdmin\\.venv\\lib\\site-packages\\pluggy\\_callers.py\", line 121, in _multicall\n    res = hook_impl.function(*args)\n  File \"C:\\Users\\User\\PycharmProjects\\SmiligenceHrAdmin\\.venv\\lib\\site-packages\\_pytest\\fixtures.py\", line 1195, in pytest_fixture_setup\n    result = call_fixture_func(fixturefunc, request, kwargs)\n  File \"C:\\Users\\User\\PycharmProjects\\SmiligenceHrAdmin\\.venv\\lib\\site-packages\\_pytest\\fixtures.py\", line 929, in call_fixture_func\n    fixture_result = fixturefunc(**kwargs)\n  File \"C:\\Users\\User\\PycharmProjects\\SmiligenceHrAdmin\\tests\\conftest.py\", line 30, in login\n    login_page.login(config[\"username\"], config[\"password\"])\n  File \"C:\\Users\\User\\PycharmProjects\\SmiligenceHrAdmin\\.venv\\lib\\site-packages\\allure_commons\\_allure.py\", line 202, in impl\n    return func(*a, **kw)\n  File \"C:\\Users\\User\\PycharmProjects\\SmiligenceHrAdmin\\pages\\login_page.py\", line 19, in login\n    self.enter_text(self.EMAIL, username)\n  File \"C:\\Users\\User\\PycharmProjects\\SmiligenceHrAdmin\\pages\\base_page.py\", line 29, in enter_text\n    element = self.wait.until(EC.element_to_be_clickable(locator))\n  File \"C:\\Users\\User\\PycharmProjects\\SmiligenceHrAdmin\\.venv\\lib\\site-packages\\selenium\\webdriver\\support\\wait.py\", line 138, in until\n    raise TimeoutException(message, screen, stacktrace)\n"}, "steps": [{"name": "Loading login page: 'https://smiligencehr.itsfortesza.com'", "status": "passed", "parameters": [{"name": "url", "value": "'https://smiligencehr.itsfortesza.com'"}], "start": 1753869837172, "stop": 1753869851786}, {"name": "Logging in with username: 'admin@gmail.com'", "status": "broken", "statusDetails": {"message": "selenium.common.exceptions.TimeoutException: Message: \nStacktrace:\n\tGetHandleVerifier [0x00007FF7131B80D5+2992373]\n\t(No symbol) [0x00007FF712E4BFD0]\n\t(No symbol) [0x00007FF712CE590A]\n\t(No symbol) [0x00007FF712D3926E]\n\t(No symbol) [0x00007FF712D3955C]\n\t(No symbol) [0x00007FF712D827D7]\n\t(No symbol) [0x00007FF712D5F3AF]\n\t(No symbol) [0x00007FF712D7F584]\n\t(No symbol) [0x00007FF712D5F113]\n\t(No symbol) [0x00007FF712D2A918]\n\t(No symbol) [0x00007FF712D2BA81]\n\tGetHandleVerifier [0x00007FF713216A2D+3379789]\n\tGetHandleVerifier [0x00007FF71322C32D+3468109]\n\tGetHandleVerifier [0x00007FF713220043+3418211]\n\tGetHandleVerifier [0x00007FF712FAC78B+847787]\n\t(No symbol) [0x00007FF712E5757F]\n\t(No symbol) [0x00007FF712E52FC4]\n\t(No symbol) [0x00007FF712E5315D]\n\t(No symbol) [0x00007FF712E42979]\n\tBaseThreadInitThunk [0x00007FFC577A7374+20]\n\tRtlUserThreadStart [0x00007FFC58A5CC91+33]\n\n", "trace": "  File \"C:\\Users\\User\\PycharmProjects\\SmiligenceHrAdmin\\.venv\\lib\\site-packages\\allure_commons\\_allure.py\", line 202, in impl\n    return func(*a, **kw)\n  File \"C:\\Users\\User\\PycharmProjects\\SmiligenceHrAdmin\\pages\\login_page.py\", line 19, in login\n    self.enter_text(self.EMAIL, username)\n  File \"C:\\Users\\User\\PycharmProjects\\SmiligenceHrAdmin\\pages\\base_page.py\", line 29, in enter_text\n    element = self.wait.until(EC.element_to_be_clickable(locator))\n  File \"C:\\Users\\User\\PycharmProjects\\SmiligenceHrAdmin\\.venv\\lib\\site-packages\\selenium\\webdriver\\support\\wait.py\", line 138, in until\n    raise TimeoutException(message, screen, stacktrace)\n"}, "parameters": [{"name": "username", "value": "'admin@gmail.com'"}, {"name": "password", "value": "'Welcome@l1'"}], "start": 1753869851786, "stop": 1753869872322}], "start": 1753869837170, "stop": 1753869872322}], "start": 1753869837170, "stop": 1753869872355}