{"name": "Blank Submit Validation with Multiple Edits", "status": "broken", "statusDetails": {"message": "selenium.common.exceptions.SessionNotCreatedException: Message: session not created: This version of ChromeDriver only supports Chrome version 114\nCurrent browser version is 131.0.6778.109 with binary path C:\\Program Files\\Google\\Chrome\\Application\\chrome.exe; For documentation on this error, please visit: https://www.selenium.dev/documentation/webdriver/troubleshooting/errors#sessionnotcreatedexception\nStacktrace:\nBacktrace:\n\tGetHandleVerifier [0x010BA813+48355]\n\t(No symbol) [0x0104C4B1]\n\t(No symbol) [0x00F55358]\n\t(No symbol) [0x00F761AC]\n\t(No symbol) [0x00F71EF3]\n\t(No symbol) [0x00F70579]\n\t(No symbol) [0x00FA0C55]\n\t(No symbol) [0x00FA093C]\n\t(No symbol) [0x00F9A536]\n\t(No symbol) [0x00F782DC]\n\t(No symbol) [0x00F793DD]\n\tGetHandleVerifier [0x0131AABD+2539405]\n\tGetHandleVerifier [0x0135A78F+2800735]\n\tGetHandleVerifier [0x0135456C+2775612]\n\tGetHandleVerifier [0x011451E0+616112]\n\t(No symbol) [0x01055F8C]\n\t(No symbol) [0x01052328]\n\t(No symbol) [0x0105240B]\n\t(No symbol) [0x01044FF7]\n\tBaseThreadInitThunk [0x75D2FCC9+25]\n\tRtlGetAppContainerNamedObjectPath [0x77A682AE+286]\n\tRtlGetAppContainerNamedObjectPath [0x77A6827E+238]", "trace": "tests\\conftest.py:19: in driver\n    driver = webdriver.Chrome(service=service, options=options)\n.venv\\lib\\site-packages\\selenium\\webdriver\\chrome\\webdriver.py:47: in __init__\n    super().__init__(\n.venv\\lib\\site-packages\\selenium\\webdriver\\chromium\\webdriver.py:69: in __init__\n    super().__init__(command_executor=executor, options=options)\n.venv\\lib\\site-packages\\selenium\\webdriver\\remote\\webdriver.py:261: in __init__\n    self.start_session(capabilities)\n.venv\\lib\\site-packages\\selenium\\webdriver\\remote\\webdriver.py:362: in start_session\n    response = self.execute(Command.NEW_SESSION, caps)[\"value\"]\n.venv\\lib\\site-packages\\selenium\\webdriver\\remote\\webdriver.py:454: in execute\n    self.error_handler.check_response(response)\n.venv\\lib\\site-packages\\selenium\\webdriver\\remote\\errorhandler.py:232: in check_response\n    raise exception_class(message, screen, stacktrace)\nE   selenium.common.exceptions.SessionNotCreatedException: Message: session not created: This version of ChromeDriver only supports Chrome version 114\nE   Current browser version is 131.0.6778.109 with binary path C:\\Program Files\\Google\\Chrome\\Application\\chrome.exe; For documentation on this error, please visit: https://www.selenium.dev/documentation/webdriver/troubleshooting/errors#sessionnotcreatedexception\nE   Stacktrace:\nE   Backtrace:\nE   \tGetHandleVerifier [0x010BA813+48355]\nE   \t(No symbol) [0x0104C4B1]\nE   \t(No symbol) [0x00F55358]\nE   \t(No symbol) [0x00F761AC]\nE   \t(No symbol) [0x00F71EF3]\nE   \t(No symbol) [0x00F70579]\nE   \t(No symbol) [0x00FA0C55]\nE   \t(No symbol) [0x00FA093C]\nE   \t(No symbol) [0x00F9A536]\nE   \t(No symbol) [0x00F782DC]\nE   \t(No symbol) [0x00F793DD]\nE   \tGetHandleVerifier [0x0131AABD+2539405]\nE   \tGetHandleVerifier [0x0135A78F+2800735]\nE   \tGetHandleVerifier [0x0135456C+2775612]\nE   \tGetHandleVerifier [0x011451E0+616112]\nE   \t(No symbol) [0x01055F8C]\nE   \t(No symbol) [0x01052328]\nE   \t(No symbol) [0x0105240B]\nE   \t(No symbol) [0x01044FF7]\nE   \tBaseThreadInitThunk [0x75D2FCC9+25]\nE   \tRtlGetAppContainerNamedObjectPath [0x77A682AE+286]\nE   \tRtlGetAppContainerNamedObjectPath [0x77A6827E+238]"}, "description": "\n        Test case to verify validation messages when submitting the Designation form without entering any data.\n        ", "start": 1753442407550, "stop": 1753442407550, "uuid": "66d00832-97ac-4691-b989-cee8a73c9029", "historyId": "11a07f0a58b1f665163cdadeb57ab21e", "testCaseId": "11a07f0a58b1f665163cdadeb57ab21e", "fullName": "tests.test_DR_Designation_page.TestDesignationValidation#test_blank_submit_validation", "labels": [{"name": "parentSuite", "value": "tests"}, {"name": "suite", "value": "test_DR_Designation_page"}, {"name": "subSuite", "value": "TestDesignationValidation"}, {"name": "host", "value": "DESKTOP-NDHQIMI"}, {"name": "thread", "value": "13584-MainThread"}, {"name": "framework", "value": "pytest"}, {"name": "language", "value": "cpython3"}, {"name": "package", "value": "tests.test_DR_Designation_page"}]}