{"name": "test_dashboard_title", "status": "broken", "statusDetails": {"message": "selenium.common.exceptions.SessionNotCreatedException: Message: session not created: This version of ChromeDriver only supports Chrome version 114\nCurrent browser version is 131.0.6778.109 with binary path C:\\Program Files\\Google\\Chrome\\Application\\chrome.exe; For documentation on this error, please visit: https://www.selenium.dev/documentation/webdriver/troubleshooting/errors#sessionnotcreatedexception\nStacktrace:\nBacktrace:\n\tGetHandleVerifier [0x00DAA813+48355]\n\t(No symbol) [0x00D3C4B1]\n\t(No symbol) [0x00C45358]\n\t(No symbol) [0x00C661AC]\n\t(No symbol) [0x00C61EF3]\n\t(No symbol) [0x00C60579]\n\t(No symbol) [0x00C90C55]\n\t(No symbol) [0x00C9093C]\n\t(No symbol) [0x00C8A536]\n\t(No symbol) [0x00C682DC]\n\t(No symbol) [0x00C693DD]\n\tGetHandleVerifier [0x0100AABD+2539405]\n\tGetHandleVerifier [0x0104A78F+2800735]\n\tGetHandleVerifier [0x0104456C+2775612]\n\tGetHandleVerifier [0x00E351E0+616112]\n\t(No symbol) [0x00D45F8C]\n\t(No symbol) [0x00D42328]\n\t(No symbol) [0x00D4240B]\n\t(No symbol) [0x00D34FF7]\n\tBaseThreadInitThunk [0x75D2FCC9+25]\n\tRtlGetAppContainerNamedObjectPath [0x77A682AE+286]\n\tRtlGetAppContainerNamedObjectPath [0x77A6827E+238]", "trace": "tests\\conftest.py:18: in driver\n    driver = webdriver.Chrome(service=service, options=options)\n.venv\\lib\\site-packages\\selenium\\webdriver\\chrome\\webdriver.py:47: in __init__\n    super().__init__(\n.venv\\lib\\site-packages\\selenium\\webdriver\\chromium\\webdriver.py:69: in __init__\n    super().__init__(command_executor=executor, options=options)\n.venv\\lib\\site-packages\\selenium\\webdriver\\remote\\webdriver.py:261: in __init__\n    self.start_session(capabilities)\n.venv\\lib\\site-packages\\selenium\\webdriver\\remote\\webdriver.py:362: in start_session\n    response = self.execute(Command.NEW_SESSION, caps)[\"value\"]\n.venv\\lib\\site-packages\\selenium\\webdriver\\remote\\webdriver.py:454: in execute\n    self.error_handler.check_response(response)\n.venv\\lib\\site-packages\\selenium\\webdriver\\remote\\errorhandler.py:232: in check_response\n    raise exception_class(message, screen, stacktrace)\nE   selenium.common.exceptions.SessionNotCreatedException: Message: session not created: This version of ChromeDriver only supports Chrome version 114\nE   Current browser version is 131.0.6778.109 with binary path C:\\Program Files\\Google\\Chrome\\Application\\chrome.exe; For documentation on this error, please visit: https://www.selenium.dev/documentation/webdriver/troubleshooting/errors#sessionnotcreatedexception\nE   Stacktrace:\nE   Backtrace:\nE   \tGetHandleVerifier [0x00DAA813+48355]\nE   \t(No symbol) [0x00D3C4B1]\nE   \t(No symbol) [0x00C45358]\nE   \t(No symbol) [0x00C661AC]\nE   \t(No symbol) [0x00C61EF3]\nE   \t(No symbol) [0x00C60579]\nE   \t(No symbol) [0x00C90C55]\nE   \t(No symbol) [0x00C9093C]\nE   \t(No symbol) [0x00C8A536]\nE   \t(No symbol) [0x00C682DC]\nE   \t(No symbol) [0x00C693DD]\nE   \tGetHandleVerifier [0x0100AABD+2539405]\nE   \tGetHandleVerifier [0x0104A78F+2800735]\nE   \tGetHandleVerifier [0x0104456C+2775612]\nE   \tGetHandleVerifier [0x00E351E0+616112]\nE   \t(No symbol) [0x00D45F8C]\nE   \t(No symbol) [0x00D42328]\nE   \t(No symbol) [0x00D4240B]\nE   \t(No symbol) [0x00D34FF7]\nE   \tBaseThreadInitThunk [0x75D2FCC9+25]\nE   \tRtlGetAppContainerNamedObjectPath [0x77A682AE+286]\nE   \tRtlGetAppContainerNamedObjectPath [0x77A6827E+238]"}, "start": 1753442160918, "stop": 1753442160918, "uuid": "111070b7-75ee-4b92-87f9-5e85541b02a9", "historyId": "4fdb3ff022c5ddb7b1ce62058a7927fa", "testCaseId": "4fdb3ff022c5ddb7b1ce62058a7927fa", "fullName": "tests.test_sample#test_dashboard_title", "labels": [{"name": "parentSuite", "value": "tests"}, {"name": "suite", "value": "test_sample"}, {"name": "host", "value": "DESKTOP-NDHQIMI"}, {"name": "thread", "value": "15884-MainThread"}, {"name": "framework", "value": "pytest"}, {"name": "language", "value": "cpython3"}, {"name": "package", "value": "tests.test_sample"}]}